{"meta": {"version": "6.5.0", "timestamp": "2022-11-03T05:00:09.163579", "branch_coverage": true, "show_contexts": false}, "files": {"gef.py": {"executed_lines": [52, 53, 54, 55, 56, 57, 58, 59, 60, 61, 62, 63, 64, 65, 66, 67, 68, 69, 70, 71, 72, 73, 74, 75, 76, 77, 78, 79, 80, 81, 82, 83, 84, 85, 86, 87, 90, 92, 93, 95, 98, 99, 100, 101, 102, 105, 121, 122, 131, 132, 133, 134, 136, 137, 139, 142, 143, 145, 146, 148, 149, 150, 151, 152, 153, 154, 155, 156, 157, 158, 160, 162, 163, 164, 165, 166, 169, 173, 174, 175, 176, 178, 179, 182, 185, 186, 191, 192, 194, 196, 199, 212, 213, 215, 220, 222, 223, 224, 225, 226, 227, 228, 229, 231, 234, 236, 237, 241, 242, 245, 248, 249, 252, 253, 255, 256, 257, 259, 260, 274, 275, 277, 283, 284, 285, 286, 288, 295, 301, 307, 313, 319, 321, 322, 325, 327, 328, 331, 333, 334, 337, 339, 340, 343, 345, 346, 351, 353, 354, 359, 361, 362, 363, 371, 374, 375, 376, 377, 379, 381, 384, 387, 388, 389, 390, 394, 397, 399, 400, 401, 402, 403, 404, 405, 406, 408, 409, 410, 411, 412, 414, 415, 416, 417, 418, 421, 424, 425, 426, 427, 429, 432, 434, 435, 436, 437, 439, 440, 443, 444, 445, 446, 449, 453, 456, 460, 462, 463, 464, 465, 466, 467, 468, 469, 471, 472, 473, 480, 481, 482, 484, 486, 488, 489, 492, 493, 494, 495, 496, 497, 498, 499, 501, 503, 504, 505, 506, 507, 510, 511, 512, 531, 532, 533, 534, 535, 536, 537, 538, 539, 540, 541, 542, 543, 544, 545, 546, 547, 548, 549, 550, 551, 552, 553, 554, 556, 557, 559, 561, 562, 563, 564, 565, 566, 567, 568, 571, 572, 573, 574, 575, 576, 577, 579, 580, 581, 582, 583, 584, 585, 586, 588, 589, 590, 592, 595, 596, 599, 600, 602, 603, 605, 606, 607, 608, 610, 611, 612, 615, 616, 617, 618, 619, 620, 621, 623, 624, 625, 626, 627, 628, 630, 631, 632, 633, 634, 635, 636, 637, 639, 640, 641, 642, 643, 644, 645, 648, 649, 651, 652, 653, 654, 655, 656, 657, 658, 660, 663, 664, 666, 667, 669, 670, 675, 676, 680, 685, 688, 689, 690, 692, 693, 695, 698, 702, 703, 706, 707, 708, 709, 710, 711, 713, 716, 718, 719, 720, 721, 723, 724, 726, 727, 730, 734, 735, 741, 742, 743, 745, 747, 748, 749, 750, 751, 752, 753, 754, 755, 756, 757, 758, 759, 761, 762, 763, 764, 765, 767, 768, 769, 770, 771, 772, 773, 774, 775, 776, 778, 779, 780, 781, 782, 783, 784, 785, 786, 787, 788, 789, 790, 791, 792, 793, 794, 795, 796, 797, 799, 800, 801, 802, 804, 806, 809, 810, 811, 812, 816, 819, 821, 823, 824, 828, 830, 833, 836, 837, 840, 843, 844, 847, 848, 852, 853, 855, 856, 857, 859, 860, 861, 862, 864, 865, 867, 868, 869, 870, 872, 873, 875, 876, 878, 881, 882, 885, 886, 887, 889, 890, 899, 900, 901, 902, 903, 904, 905, 906, 907, 908, 910, 911, 912, 913, 914, 915, 918, 919, 920, 921, 922, 924, 925, 926, 928, 929, 930, 932, 933, 934, 936, 937, 938, 940, 941, 942, 944, 945, 946, 948, 949, 950, 952, 953, 954, 956, 957, 958, 960, 961, 962, 965, 966, 967, 968, 969, 970, 971, 972, 973, 974, 975, 976, 977, 978, 979, 980, 981, 982, 983, 984, 985, 986, 987, 988, 990, 991, 994, 995, 996, 997, 999, 1000, 1001, 1002, 1003, 1004, 1005, 1006, 1008, 1009, 1011, 1012, 1013, 1014, 1015, 1016, 1017, 1023, 1024, 1026, 1032, 1033, 1034, 1035, 1036, 1037, 1038, 1039, 1040, 1041, 1042, 1043, 1044, 1045, 1046, 1047, 1048, 1049, 1050, 1051, 1052, 1053, 1054, 1055, 1056, 1057, 1058, 1059, 1060, 1061, 1062, 1063, 1064, 1065, 1066, 1067, 1068, 1069, 1070, 1071, 1072, 1073, 1075, 1076, 1079, 1080, 1081, 1082, 1083, 1084, 1085, 1086, 1087, 1088, 1089, 1090, 1091, 1092, 1093, 1094, 1095, 1097, 1098, 1099, 1101, 1102, 1103, 1104, 1105, 1106, 1107, 1108, 1109, 1110, 1111, 1113, 1114, 1116, 1117, 1118, 1119, 1120, 1121, 1122, 1129, 1130, 1131, 1133, 1134, 1135, 1139, 1140, 1142, 1143, 1144, 1145, 1146, 1148, 1154, 1155, 1157, 1158, 1160, 1164, 1165, 1168, 1171, 1173, 1174, 1175, 1176, 1179, 1180, 1182, 1183, 1185, 1186, 1189, 1190, 1193, 1194, 1210, 1213, 1214, 1216, 1217, 1230, 1235, 1241, 1246, 1249, 1252, 1253, 1256, 1257, 1260, 1261, 1265, 1266, 1268, 1269, 1270, 1271, 1272, 1273, 1275, 1276, 1277, 1278, 1282, 1284, 1288, 1297, 1299, 1302, 1306, 1307, 1308, 1310, 1311, 1312, 1317, 1318, 1320, 1321, 1322, 1323, 1324, 1326, 1329, 1330, 1332, 1333, 1335, 1336, 1339, 1340, 1342, 1343, 1344, 1346, 1347, 1349, 1350, 1352, 1354, 1357, 1358, 1359, 1361, 1362, 1365, 1366, 1367, 1369, 1370, 1371, 1373, 1374, 1375, 1377, 1378, 1379, 1381, 1382, 1383, 1385, 1386, 1389, 1390, 1391, 1393, 1394, 1397, 1398, 1401, 1402, 1405, 1406, 1409, 1411, 1412, 1413, 1414, 1416, 1417, 1418, 1419, 1420, 1422, 1427, 1428, 1430, 1431, 1432, 1433, 1435, 1441, 1452, 1453, 1464, 1465, 1469, 1470, 1471, 1472, 1474, 1475, 1481, 1482, 1483, 1484, 1485, 1487, 1495, 1497, 1498, 1499, 1500, 1501, 1502, 1503, 1504, 1505, 1506, 1508, 1509, 1510, 1512, 1513, 1515, 1516, 1519, 1520, 1521, 1523, 1524, 1525, 1527, 1528, 1529, 1531, 1532, 1535, 1536, 1539, 1540, 1543, 1545, 1546, 1547, 1548, 1549, 1551, 1552, 1553, 1555, 1556, 1558, 1559, 1560, 1563, 1565, 1568, 1571, 1573, 1576, 1577, 1580, 1583, 1584, 1585, 1587, 1588, 1590, 1591, 1593, 1594, 1596, 1599, 1603, 1606, 1607, 1609, 1610, 1611, 1613, 1614, 1615, 1616, 1620, 1621, 1622, 1626, 1627, 1629, 1631, 1648, 1649, 1652, 1653, 1657, 1659, 1662, 1664, 1665, 1666, 1667, 1668, 1671, 1678, 1685, 1687, 1690, 1691, 1692, 1693, 1694, 1695, 1696, 1697, 1709, 1711, 1712, 1713, 1714, 1716, 1719, 1722, 1723, 1724, 1725, 1728, 1729, 1730, 1733, 1734, 1735, 1738, 1739, 1740, 1743, 1744, 1745, 1748, 1750, 1753, 1754, 1757, 1760, 1766, 1767, 1769, 1770, 1771, 1773, 1774, 1776, 1779, 1780, 1782, 1783, 1784, 1785, 1786, 1787, 1788, 1789, 1791, 1792, 1793, 1797, 1798, 1799, 1802, 1804, 1805, 1806, 1807, 1810, 1812, 1815, 1816, 1818, 1819, 1820, 1821, 1822, 1824, 1827, 1828, 1835, 1836, 1837, 1839, 1840, 1841, 1842, 1844, 1845, 1846, 1847, 1850, 1858, 1859, 1861, 1862, 1863, 1865, 1866, 1867, 1869, 1870, 1871, 1872, 1876, 1877, 1880, 1882, 1885, 1887, 1888, 1891, 1893, 1894, 1897, 1898, 1899, 1900, 1902, 1903, 1904, 1907, 1908, 1909, 1910, 1912, 1914, 1915, 1916, 1917, 1918, 1920, 1922, 1923, 1924, 1927, 1936, 1943, 1945, 1946, 1947, 1948, 1951, 1952, 1960, 1961, 1966, 1967, 1968, 1970, 1971, 1972, 1973, 1974, 1975, 1978, 1985, 1986, 1988, 1989, 1990, 1991, 1992, 1993, 1995, 1997, 1998, 2000, 2002, 2005, 2008, 2012, 2016, 2017, 2018, 2024, 2029, 2032, 2036, 2037, 2042, 2053, 2055, 2058, 2060, 2061, 2064, 2066, 2069, 2074, 2077, 2079, 2080, 2081, 2082, 2083, 2084, 2086, 2087, 2092, 2094, 2095, 2098, 2113, 2114, 2118, 2119, 2121, 2122, 2123, 2125, 2126, 2127, 2131, 2132, 2135, 2136, 2138, 2139, 2146, 2147, 2152, 2156, 2157, 2161, 2162, 2166, 2168, 2169, 2170, 2171, 2174, 2175, 2176, 2177, 2180, 2181, 2182, 2183, 2189, 2190, 2193, 2194, 2195, 2197, 2199, 2200, 2201, 2202, 2203, 2206, 2207, 2210, 2211, 2212, 2213, 2214, 2215, 2216, 2217, 2218, 2219, 2220, 2223, 2224, 2225, 2227, 2228, 2229, 2232, 2235, 2238, 2239, 2243, 2245, 2248, 2251, 2254, 2257, 2260, 2263, 2264, 2267, 2268, 2269, 2271, 2273, 2274, 2275, 2277, 2278, 2280, 2281, 2282, 2283, 2286, 2287, 2288, 2290, 2291, 2292, 2293, 2295, 2296, 2299, 2300, 2301, 2303, 2304, 2305, 2307, 2308, 2311, 2312, 2313, 2319, 2321, 2322, 2323, 2324, 2325, 2326, 2331, 2333, 2335, 2336, 2337, 2338, 2341, 2342, 2343, 2344, 2345, 2346, 2347, 2348, 2349, 2350, 2351, 2352, 2353, 2356, 2357, 2358, 2359, 2360, 2365, 2366, 2367, 2368, 2369, 2371, 2372, 2374, 2375, 2378, 2381, 2392, 2393, 2396, 2397, 2405, 2408, 2464, 2473, 2474, 2475, 2476, 2481, 2482, 2483, 2484, 2493, 2494, 2495, 2496, 2498, 2502, 2503, 2509, 2510, 2515, 2516, 2519, 2520, 2524, 2525, 2528, 2533, 2545, 2552, 2556, 2589, 2604, 2605, 2622, 2623, 2624, 2625, 2627, 2633, 2634, 2635, 2646, 2647, 2648, 2650, 2655, 2662, 2666, 2670, 2671, 2681, 2682, 2705, 2712, 2743, 2744, 2745, 2746, 2748, 2749, 2750, 2751, 2752, 2753, 2754, 2755, 2756, 2770, 2771, 2772, 2773, 2775, 2776, 2777, 2778, 2779, 2781, 2782, 2783, 2784, 2786, 2787, 2789, 2790, 2791, 2797, 2799, 2844, 2845, 2846, 2847, 2848, 2849, 2851, 2853, 2854, 2869, 2880, 2881, 2882, 2883, 2885, 2888, 2889, 2890, 2891, 2892, 2894, 2895, 2897, 2898, 2924, 2925, 2926, 2927, 2929, 2935, 2936, 2937, 2938, 2939, 2950, 2951, 2952, 2953, 2956, 2963, 2966, 2969, 2974, 2987, 2995, 2996, 3021, 3022, 3023, 3024, 3025, 3028, 3029, 3032, 3033, 3034, 3036, 3042, 3043, 3044, 3045, 3046, 3054, 3055, 3056, 3058, 3065, 3068, 3071, 3080, 3104, 3112, 3113, 3132, 3133, 3137, 3138, 3139, 3141, 3148, 3149, 3156, 3158, 3159, 3178, 3179, 3180, 3181, 3184, 3190, 3191, 3192, 3193, 3194, 3195, 3196, 3197, 3198, 3200, 3203, 3206, 3209, 3214, 3236, 3244, 3245, 3261, 3262, 3263, 3264, 3265, 3267, 3268, 3269, 3272, 3290, 3291, 3292, 3296, 3297, 3298, 3302, 3308, 3314, 3316, 3317, 3320, 3327, 3328, 3332, 3333, 3334, 3335, 3340, 3341, 3348, 3349, 3350, 3351, 3356, 3358, 3359, 3360, 3361, 3365, 3373, 3374, 3376, 3377, 3378, 3379, 3380, 3383, 3384, 3386, 3387, 3388, 3389, 3391, 3392, 3394, 3396, 3397, 3400, 3403, 3407, 3408, 3411, 3412, 3413, 3415, 3418, 3419, 3422, 3426, 3427, 3428, 3433, 3434, 3437, 3438, 3439, 3443, 3444, 3447, 3448, 3449, 3450, 3453, 3454, 3457, 3458, 3459, 3461, 3462, 3465, 3467, 3468, 3471, 3473, 3474, 3475, 3478, 3480, 3483, 3485, 3486, 3487, 3490, 3492, 3493, 3494, 3495, 3499, 3500, 3501, 3502, 3503, 3504, 3505, 3507, 3508, 3512, 3516, 3519, 3522, 3523, 3524, 3525, 3526, 3527, 3528, 3531, 3533, 3534, 3537, 3539, 3540, 3543, 3545, 3546, 3571, 3572, 3574, 3577, 3578, 3580, 3583, 3584, 3586, 3589, 3590, 3592, 3595, 3596, 3597, 3600, 3601, 3605, 3613, 3616, 3622, 3624, 3625, 3630, 3631, 3632, 3635, 3638, 3639, 3640, 3641, 3642, 3643, 3646, 3647, 3666, 3669, 3670, 3671, 3684, 3686, 3687, 3689, 3692, 3695, 3697, 3698, 3700, 3703, 3706, 3708, 3711, 3714, 3719, 3725, 3727, 3728, 3729, 3732, 3733, 3734, 3735, 3738, 3740, 3743, 3745, 3746, 3748, 3749, 3750, 3751, 3752, 3754, 3755, 3757, 3758, 3759, 3761, 3764, 3766, 3767, 3770, 3773, 3774, 3775, 3776, 3777, 3780, 3781, 3783, 3784, 3788, 3789, 3791, 3792, 3793, 3794, 3795, 3798, 3801, 3802, 3803, 3804, 3805, 3806, 3807, 3810, 3813, 3815, 3816, 3819, 3820, 3834, 3835, 3839, 3840, 3844, 3845, 3849, 3850, 3855, 3856, 3860, 3861, 3865, 3866, 3870, 3871, 3875, 3876, 3880, 3881, 3885, 3886, 3890, 3891, 3898, 3899, 3900, 3903, 3904, 3908, 3909, 3910, 3913, 3914, 3918, 3919, 3920, 3923, 3924, 3925, 3928, 3929, 3930, 3933, 3934, 3935, 3938, 3939, 3943, 3944, 3948, 3949, 3950, 3953, 3954, 3958, 3959, 3960, 3963, 3964, 3972, 3973, 3975, 3978, 3979, 3981, 3982, 3984, 3985, 3988, 3990, 3991, 3994, 3995, 4000, 4003, 4004, 4005, 4006, 4008, 4021, 4022, 4023, 4024, 4025, 4026, 4027, 4029, 4030, 4031, 4032, 4033, 4035, 4038, 4039, 4040, 4041, 4042, 4043, 4045, 4046, 4051, 4052, 4054, 4055, 4056, 4057, 4059, 4060, 4061, 4062, 4063, 4065, 4066, 4067, 4069, 4072, 4073, 4076, 4082, 4090, 4091, 4093, 4094, 4095, 4096, 4097, 4099, 4100, 4101, 4102, 4103, 4106, 4107, 4109, 4110, 4111, 4112, 4113, 4114, 4116, 4117, 4118, 4122, 4123, 4124, 4127, 4137, 4147, 4149, 4151, 4152, 4153, 4154, 4155, 4157, 4171, 4172, 4175, 4176, 4178, 4179, 4180, 4181, 4183, 4184, 4185, 4186, 4187, 4190, 4191, 4193, 4194, 4195, 4196, 4197, 4198, 4200, 4201, 4202, 4206, 4207, 4215, 4217, 4219, 4221, 4227, 4229, 4232, 4233, 4235, 4236, 4237, 4238, 4240, 4241, 4242, 4243, 4244, 4245, 4246, 4247, 4249, 4250, 4259, 4270, 4272, 4273, 4285, 4287, 4288, 4290, 4291, 4294, 4295, 4297, 4298, 4299, 4300, 4301, 4303, 4304, 4305, 4306, 4307, 4310, 4311, 4313, 4314, 4315, 4316, 4317, 4318, 4320, 4340, 4341, 4343, 4344, 4345, 4346, 4348, 4349, 4350, 4353, 4354, 4356, 4357, 4358, 4359, 4360, 4362, 4372, 4397, 4398, 4400, 4402, 4403, 4407, 4408, 4414, 4416, 4417, 4418, 4419, 4420, 4421, 4423, 4424, 4425, 4426, 4427, 4428, 4433, 4434, 4436, 4437, 4438, 4440, 4441, 4442, 4443, 4446, 4447, 4448, 4449, 4450, 4451, 4452, 4453, 4454, 4455, 4456, 4457, 4458, 4459, 4460, 4461, 4462, 4463, 4465, 4466, 4467, 4468, 4469, 4470, 4473, 4474, 4477, 4479, 4480, 4481, 4483, 4486, 4487, 4489, 4490, 4492, 4493, 4494, 4496, 4497, 4498, 4499, 4501, 4502, 4504, 4506, 4507, 4510, 4511, 4512, 4514, 4515, 4518, 4519, 4521, 4522, 4525, 4527, 4528, 4529, 4530, 4531, 4532, 4534, 4536, 4537, 4538, 4540, 4541, 4544, 4548, 4549, 4550, 4551, 4552, 4554, 4555, 4556, 4557, 4558, 4561, 4562, 4563, 4565, 4566, 4567, 4569, 4570, 4571, 4572, 4573, 4575, 4576, 4577, 4578, 4583, 4584, 4585, 4586, 4588, 4589, 4590, 4593, 4594, 4595, 4597, 4598, 4600, 4601, 4602, 4608, 4610, 4611, 4612, 4613, 4615, 4616, 4618, 4625, 4626, 4627, 4629, 4630, 4632, 4633, 4637, 4638, 4639, 4641, 4642, 4643, 4644, 4645, 4647, 4648, 4649, 4650, 4651, 4653, 4654, 4655, 4656, 4657, 4658, 4659, 4662, 4663, 4664, 4667, 4668, 4672, 4678, 4679, 4682, 4683, 4684, 4686, 4687, 4689, 4690, 4691, 4693, 4694, 4695, 4696, 4699, 4700, 4701, 4703, 4704, 4706, 4707, 4708, 4709, 4713, 4714, 4717, 4722, 4724, 4725, 4726, 4727, 4728, 4731, 4732, 4733, 4735, 4736, 4738, 4739, 4740, 4741, 4743, 4745, 4749, 4750, 4753, 4754, 4757, 4758, 4759, 4761, 4762, 4764, 4765, 4767, 4768, 4773, 4776, 4779, 4780, 4782, 4784, 4787, 4788, 4791, 4792, 4793, 4795, 4796, 4798, 4800, 4801, 4805, 4809, 4813, 4814, 4815, 4816, 4817, 4818, 4819, 4820, 4823, 4824, 4826, 4827, 4831, 4834, 4835, 4836, 4838, 4839, 4841, 4858, 4859, 4860, 4862, 4863, 4865, 4882, 4883, 4884, 4886, 4887, 4888, 4891, 4892, 4893, 4894, 4895, 4897, 4898, 4899, 4901, 4902, 4903, 4904, 4905, 4907, 4908, 4909, 4910, 4911, 4912, 4913, 4914, 4917, 4919, 4920, 4921, 4922, 4923, 4924, 4928, 4929, 4930, 4931, 4936, 4938, 4939, 4940, 4941, 4942, 4945, 4948, 4949, 4950, 4952, 4953, 4955, 4956, 4957, 4959, 4960, 4964, 4965, 4969, 4970, 4971, 4974, 4975, 4976, 4979, 4980, 4981, 4983, 4984, 4985, 4987, 4988, 4989, 4990, 4991, 4992, 4993, 4994, 4995, 4997, 4998, 4999, 5000, 5001, 5002, 5003, 5004, 5006, 5007, 5008, 5010, 5011, 5013, 5014, 5015, 5016, 5017, 5018, 5020, 5021, 5022, 5023, 5024, 5027, 5029, 5030, 5031, 5032, 5033, 5034, 5036, 5038, 5039, 5040, 5041, 5042, 5043, 5051, 5052, 5053, 5055, 5056, 5057, 5061, 5062, 5063, 5064, 5065, 5067, 5068, 5069, 5070, 5071, 5072, 5073, 5076, 5078, 5082, 5084, 5099, 5103, 5104, 5105, 5106, 5107, 5108, 5130, 5131, 5132, 5134, 5135, 5137, 5138, 5139, 5140, 5141, 5142, 5143, 5144, 5145, 5146, 5147, 5148, 5149, 5150, 5151, 5152, 5153, 5154, 5155, 5156, 5158, 5159, 5160, 5162, 5163, 5164, 5165, 5166, 5167, 5169, 5170, 5171, 5172, 5174, 5175, 5176, 5177, 5179, 5180, 5181, 5184, 5185, 5186, 5187, 5188, 5189, 5190, 5192, 5194, 5196, 5197, 5199, 5200, 5201, 5202, 5203, 5204, 5205, 5206, 5207, 5208, 5209, 5211, 5213, 5214, 5215, 5216, 5217, 5218, 5219, 5221, 5223, 5228, 5229, 5231, 5232, 5238, 5239, 5242, 5243, 5244, 5245, 5246, 5247, 5249, 5255, 5256, 5257, 5258, 5259, 5261, 5263, 5265, 5267, 5268, 5269, 5270, 5271, 5272, 5273, 5275, 5276, 5290, 5291, 5292, 5293, 5294, 5295, 5297, 5298, 5299, 5300, 5302, 5304, 5305, 5306, 5307, 5308, 5309, 5311, 5314, 5315, 5316, 5317, 5318, 5321, 5322, 5323, 5326, 5329, 5331, 5332, 5333, 5334, 5336, 5337, 5338, 5339, 5340, 5341, 5342, 5344, 5351, 5352, 5353, 5355, 5356, 5357, 5358, 5360, 5361, 5362, 5363, 5364, 5366, 5367, 5368, 5369, 5370, 5372, 5373, 5379, 5380, 5382, 5383, 5384, 5385, 5388, 5389, 5390, 5397, 5398, 5400, 5401, 5402, 5403, 5404, 5405, 5406, 5407, 5409, 5410, 5411, 5412, 5413, 5414, 5416, 5418, 5419, 5420, 5422, 5423, 5424, 5426, 5427, 5428, 5429, 5430, 5431, 5433, 5434, 5435, 5437, 5438, 5439, 5440, 5443, 5444, 5445, 5447, 5448, 5450, 5451, 5452, 5454, 5456, 5457, 5458, 5459, 5460, 5461, 5462, 5463, 5464, 5467, 5468, 5469, 5471, 5472, 5473, 5475, 5476, 5477, 5479, 5480, 5484, 5485, 5486, 5487, 5488, 5489, 5491, 5492, 5495, 5496, 5497, 5499, 5500, 5501, 5503, 5504, 5505, 5507, 5516, 5528, 5541, 5542, 5543, 5545, 5546, 5547, 5549, 5550, 5551, 5606, 5612, 5613, 5614, 5617, 5618, 5619, 5620, 5622, 5623, 5624, 5628, 5629, 5631, 5634, 5635, 5637, 5640, 5641, 5643, 5647, 5651, 5652, 5653, 5654, 5655, 5657, 5658, 5660, 5661, 5662, 5666, 5667, 5668, 5669, 5670, 5671, 5672, 5673, 5677, 5680, 5681, 5682, 5685, 5686, 5687, 5688, 5693, 5694, 5695, 5696, 5697, 5699, 5700, 5701, 5702, 5704, 5705, 5706, 5707, 5709, 5710, 5711, 5713, 5715, 5716, 5717, 5719, 5720, 5721, 5725, 5726, 5730, 5731, 5732, 5733, 5734, 5736, 5737, 5738, 5740, 5742, 5744, 5747, 5748, 5750, 5751, 5752, 5756, 5757, 5760, 5761, 5762, 5763, 5764, 5765, 5766, 5767, 5769, 5771, 5773, 5775, 5777, 5778, 5779, 5780, 5782, 5783, 5784, 5786, 5787, 5788, 5789, 5790, 5791, 5793, 5794, 5796, 5797, 5798, 5799, 5803, 5804, 5805, 5807, 5808, 5810, 5811, 5813, 5815, 5816, 5818, 5822, 5828, 5847, 5848, 5849, 5852, 5853, 5854, 5856, 5857, 5858, 5859, 5862, 5863, 5867, 5868, 5871, 5872, 5874, 5878, 5882, 5883, 5884, 5885, 5886, 5887, 5888, 5890, 5892, 5894, 5895, 5898, 5899, 5900, 5906, 5907, 5908, 5912, 5913, 5914, 5916, 5917, 5918, 5923, 5924, 5929, 5930, 5931, 5932, 5933, 5940, 5941, 5942, 5943, 5946, 5947, 5948, 5951, 5952, 5955, 5957, 5958, 5959, 5961, 5962, 5963, 5964, 5965, 5966, 5967, 5968, 5970, 5971, 5973, 5974, 5975, 5976, 5977, 5979, 5980, 5981, 5984, 5985, 5986, 5989, 5990, 5993, 5995, 5996, 5997, 5999, 6000, 6001, 6002, 6003, 6004, 6005, 6008, 6009, 6010, 6012, 6013, 6015, 6016, 6017, 6019, 6020, 6025, 6026, 6027, 6029, 6030, 6031, 6033, 6034, 6035, 6037, 6038, 6041, 6045, 6046, 6048, 6049, 6052, 6054, 6055, 6059, 6060, 6063, 6064, 6065, 6067, 6068, 6070, 6071, 6072, 6073, 6074, 6077, 6078, 6079, 6082, 6083, 6085, 6086, 6087, 6089, 6090, 6091, 6092, 6093, 6098, 6099, 6101, 6102, 6103, 6106, 6107, 6108, 6109, 6111, 6112, 6115, 6117, 6118, 6121, 6122, 6123, 6126, 6127, 6128, 6131, 6132, 6133, 6134, 6136, 6137, 6138, 6139, 6140, 6141, 6142, 6143, 6145, 6146, 6147, 6150, 6152, 6153, 6163, 6165, 6166, 6167, 6168, 6169, 6170, 6172, 6174, 6178, 6179, 6180, 6181, 6182, 6185, 6186, 6187, 6190, 6191, 6192, 6194, 6195, 6196, 6198, 6199, 6213, 6214, 6215, 6217, 6218, 6222, 6224, 6227, 6229, 6230, 6231, 6232, 6234, 6236, 6237, 6238, 6239, 6240, 6241, 6243, 6244, 6245, 6248, 6249, 6250, 6253, 6254, 6256, 6258, 6259, 6260, 6262, 6263, 6265, 6269, 6270, 6275, 6276, 6277, 6278, 6282, 6284, 6285, 6286, 6288, 6290, 6291, 6295, 6296, 6297, 6298, 6299, 6300, 6301, 6305, 6306, 6308, 6309, 6310, 6311, 6313, 6317, 6319, 6320, 6321, 6323, 6328, 6329, 6330, 6331, 6332, 6333, 6334, 6336, 6337, 6339, 6340, 6342, 6343, 6345, 6348, 6359, 6361, 6362, 6379, 6380, 6382, 6386, 6397, 6401, 6405, 6406, 6408, 6409, 6410, 6413, 6414, 6415, 6418, 6419, 6421, 6422, 6423, 6425, 6426, 6427, 6428, 6429, 6431, 6432, 6436, 6437, 6438, 6440, 6441, 6445, 6446, 6447, 6448, 6449, 6452, 6453, 6454, 6456, 6457, 6458, 6462, 6465, 6467, 6468, 6469, 6475, 6476, 6479, 6480, 6481, 6484, 6485, 6487, 6488, 6489, 6491, 6492, 6493, 6494, 6495, 6498, 6499, 6500, 6501, 6502, 6503, 6506, 6507, 6508, 6510, 6511, 6513, 6514, 6515, 6517, 6518, 6519, 6520, 6521, 6525, 6526, 6527, 6528, 6529, 6530, 6532, 6533, 6534, 6535, 6538, 6539, 6540, 6542, 6543, 6545, 6546, 6547, 6549, 6550, 6551, 6552, 6553, 6557, 6558, 6559, 6560, 6561, 6562, 6564, 6565, 6566, 6567, 6570, 6571, 6572, 6574, 6575, 6576, 6578, 6579, 6580, 6581, 6582, 6585, 6586, 6589, 6590, 6591, 6592, 6593, 6594, 6595, 6597, 6598, 6600, 6601, 6602, 6605, 6606, 6607, 6609, 6610, 6611, 6614, 6615, 6616, 6617, 6618, 6619, 6620, 6622, 6623, 6624, 6625, 6626, 6627, 6628, 6629, 6632, 6633, 6634, 6635, 6636, 6638, 6639, 6640, 6643, 6645, 6650, 6651, 6652, 6653, 6655, 6658, 6659, 6660, 6661, 6663, 6665, 6666, 6667, 6668, 6670, 6671, 6672, 6674, 6675, 6677, 6678, 6679, 6680, 6683, 6684, 6685, 6686, 6687, 6688, 6689, 6690, 6692, 6694, 6695, 6696, 6699, 6700, 6701, 6704, 6705, 6707, 6708, 6709, 6711, 6712, 6713, 6714, 6717, 6718, 6719, 6721, 6722, 6723, 6725, 6726, 6728, 6729, 6734, 6735, 6737, 6739, 6741, 6742, 6746, 6749, 6750, 6752, 6753, 6754, 6755, 6756, 6757, 6758, 6759, 6760, 6762, 6763, 6766, 6767, 6768, 6770, 6771, 6772, 6774, 6775, 6777, 6778, 6783, 6788, 6789, 6791, 6792, 6793, 6794, 6795, 6796, 6798, 6799, 6800, 6801, 6802, 6803, 6804, 6805, 6806, 6809, 6810, 6811, 6814, 6815, 6816, 6817, 6819, 6820, 6821, 6822, 6824, 6825, 6826, 6827, 6828, 6829, 6830, 6832, 6833, 6834, 6836, 6837, 6839, 6840, 6841, 6842, 6843, 6845, 6850, 6851, 6853, 6855, 6856, 6857, 6859, 6860, 6861, 6863, 6864, 6865, 6867, 6869, 6871, 6874, 6875, 6876, 6879, 6880, 6881, 6883, 6884, 6885, 6887, 6888, 6889, 6891, 6895, 6896, 6899, 6900, 6905, 6922, 6923, 6925, 6926, 6928, 6931, 6932, 6933, 6935, 6938, 6939, 6940, 6943, 6944, 6945, 6947, 6949, 6952, 6953, 6954, 6958, 6959, 6960, 6962, 6963, 6964, 6965, 6967, 6968, 6969, 6973, 6977, 6978, 6979, 6981, 6982, 6984, 6985, 6986, 6987, 6988, 6989, 6990, 7015, 7020, 7032, 7033, 7034, 7036, 7037, 7038, 7039, 7041, 7042, 7043, 7045, 7046, 7047, 7048, 7053, 7054, 7057, 7058, 7059, 7064, 7065, 7066, 7068, 7070, 7071, 7072, 7073, 7074, 7075, 7076, 7077, 7078, 7079, 7080, 7081, 7082, 7083, 7084, 7085, 7086, 7087, 7088, 7089, 7090, 7091, 7093, 7106, 7107, 7109, 7110, 7111, 7112, 7114, 7115, 7117, 7118, 7119, 7120, 7121, 7123, 7128, 7130, 7131, 7132, 7133, 7135, 7139, 7142, 7144, 7147, 7149, 7150, 7153, 7154, 7155, 7157, 7158, 7159, 7162, 7164, 7172, 7174, 7175, 7177, 7179, 7181, 7183, 7186, 7187, 7190, 7191, 7192, 7194, 7195, 7196, 7200, 7201, 7203, 7204, 7206, 7207, 7208, 7210, 7211, 7212, 7213, 7214, 7276, 7277, 7279, 7280, 7282, 7283, 7284, 7288, 7293, 7295, 7296, 7298, 7299, 7300, 7301, 7302, 7303, 7304, 7305, 7306, 7308, 7309, 7311, 7313, 7316, 7317, 7318, 7319, 7320, 7322, 7323, 7325, 7326, 7328, 7329, 7331, 7332, 7334, 7343, 7345, 7346, 7349, 7351, 7353, 7354, 7355, 7359, 7364, 7365, 7366, 7368, 7369, 7370, 7371, 7406, 7426, 7488, 7489, 7490, 7492, 7493, 7494, 7495, 7496, 7498, 7499, 7502, 7503, 7504, 7506, 7507, 7509, 7510, 7511, 7512, 7514, 7515, 7516, 7517, 7518, 7519, 7520, 7521, 7523, 7524, 7527, 7529, 7530, 7532, 7533, 7534, 7535, 7536, 7537, 7538, 7539, 7541, 7542, 7543, 7544, 7545, 7546, 7548, 7549, 7550, 7551, 7552, 7553, 7554, 7555, 7556, 7557, 7558, 7566, 7567, 7571, 7572, 7573, 7575, 7576, 7579, 7581, 7582, 7584, 7585, 7589, 7593, 7594, 7595, 7596, 7600, 7601, 7602, 7604, 7605, 7606, 7609, 7610, 7611, 7612, 7613, 7614, 7615, 7618, 7620, 7621, 7622, 7623, 7626, 7627, 7628, 7632, 7634, 7636, 7637, 7638, 7639, 7642, 7643, 7645, 7646, 7647, 7648, 7651, 7652, 7653, 7654, 7655, 7657, 7659, 7660, 7661, 7666, 7668, 7669, 7670, 7673, 7676, 7680, 7681, 7683, 7684, 7685, 7686, 7687, 7689, 7690, 7691, 7692, 7693, 7696, 7697, 7698, 7702, 7707, 7708, 7710, 7711, 7712, 7714, 7715, 7716, 7718, 7719, 7720, 7721, 7724, 7726, 7727, 7728, 7729, 7730, 7733, 7735, 7736, 7737, 7738, 7739, 7740, 7741, 7742, 7744, 7745, 7746, 7749, 7750, 7751, 7752, 7753, 7755, 7756, 7757, 7759, 7760, 7765, 7766, 7767, 7768, 7769, 7770, 7773, 7774, 7775, 7777, 7778, 7779, 7783, 7784, 7785, 7787, 7788, 7789, 7794, 7796, 7797, 7799, 7800, 7801, 7804, 7805, 7806, 7807, 7808, 7809, 7812, 7813, 7814, 7816, 7817, 7818, 7822, 7823, 7824, 7825, 7828, 7831, 7832, 7833, 7834, 7835, 7837, 7838, 7839, 7840, 7841, 7844, 7845, 7846, 7847, 7848, 7850, 7851, 7852, 7853, 7854, 7862, 7863, 7864, 7866, 7867, 7868, 7870, 7871, 7872, 7873, 7874, 7875, 7877, 7878, 7879, 7880, 7881, 7885, 7886, 7887, 7888, 7890, 7891, 7892, 7893, 7894, 7896, 7897, 7899, 7900, 7902, 7903, 7904, 7906, 7907, 7909, 7910, 7912, 7918, 7919, 7920, 7921, 7923, 7924, 7925, 7926, 7927, 7928, 7929, 7930, 7931, 7933, 7935, 7937, 7940, 7941, 7942, 7944, 7945, 7946, 7948, 7949, 7950, 7951, 7954, 7955, 7956, 7958, 7959, 7960, 7962, 7963, 7964, 7965, 7968, 7969, 7970, 7972, 7973, 7974, 7976, 7977, 7978, 7979, 7982, 7983, 7984, 7986, 7987, 7988, 7990, 7991, 7992, 7993, 7996, 7997, 7998, 8000, 8001, 8003, 8010, 8011, 8012, 8013, 8015, 8016, 8017, 8018, 8019, 8023, 8027, 8028, 8029, 8031, 8032, 8033, 8034, 8035, 8040, 8041, 8042, 8043, 8044, 8045, 8046, 8049, 8050, 8051, 8053, 8054, 8055, 8057, 8058, 8059, 8060, 8063, 8064, 8065, 8067, 8068, 8069, 8071, 8072, 8073, 8074, 8077, 8078, 8079, 8081, 8082, 8083, 8085, 8086, 8087, 8088, 8091, 8092, 8093, 8095, 8096, 8097, 8099, 8100, 8101, 8102, 8105, 8106, 8107, 8109, 8110, 8111, 8113, 8114, 8115, 8116, 8120, 8121, 8123, 8124, 8129, 8130, 8133, 8134, 8135, 8138, 8139, 8140, 8141, 8142, 8143, 8145, 8146, 8149, 8151, 8155, 8156, 8158, 8159, 8161, 8162, 8163, 8164, 8165, 8168, 8169, 8170, 8171, 8172, 8173, 8175, 8176, 8177, 8178, 8179, 8180, 8181, 8183, 8185, 8186, 8189, 8190, 8191, 8193, 8196, 8197, 8198, 8201, 8202, 8203, 8204, 8206, 8207, 8208, 8209, 8211, 8212, 8213, 8214, 8216, 8217, 8219, 8220, 8221, 8222, 8223, 8224, 8228, 8230, 8231, 8232, 8233, 8235, 8236, 8237, 8239, 8240, 8242, 8243, 8244, 8245, 8246, 8248, 8249, 8251, 8252, 8254, 8255, 8256, 8258, 8262, 8267, 8268, 8269, 8271, 8272, 8274, 8275, 8277, 8280, 8281, 8282, 8285, 8286, 8288, 8289, 8291, 8292, 8293, 8294, 8297, 8298, 8299, 8301, 8303, 8304, 8306, 8307, 8308, 8309, 8310, 8322, 8323, 8324, 8327, 8328, 8330, 8331, 8332, 8335, 8336, 8337, 8340, 8341, 8342, 8344, 8345, 8346, 8347, 8351, 8352, 8354, 8356, 8357, 8359, 8360, 8361, 8362, 8363, 8364, 8365, 8369, 8371, 8372, 8373, 8374, 8375, 8377, 8378, 8380, 8385, 8388, 8390, 8391, 8393, 8394, 8396, 8397, 8398, 8399, 8401, 8405, 8407, 8408, 8409, 8410, 8411, 8415, 8416, 8417, 8422, 8423, 8424, 8426, 8427, 8428, 8429, 8430, 8432, 8433, 8435, 8436, 8442, 8448, 8449, 8452, 8453, 8454, 8456, 8457, 8458, 8460, 8461, 8462, 8464, 8465, 8466, 8467, 8468, 8469, 8471, 8472, 8473, 8474, 8475, 8479, 8481, 8482, 8483, 8487, 8488, 8490, 8491, 8498, 8503, 8504, 8511, 8514, 8515, 8516, 8519, 8520, 8522, 8523, 8524, 8526, 8531, 8532, 8533, 8536, 8537, 8538, 8540, 8541, 8542, 8546, 8547, 8548, 8549, 8550, 8552, 8553, 8555, 8556, 8557, 8560, 8561, 8562, 8565, 8566, 8567, 8569, 8570, 8571, 8575, 8576, 8577, 8578, 8579, 8580, 8581, 8582, 8585, 8586, 8587, 8591, 8592, 8593, 8595, 8596, 8597, 8598, 8599, 8601, 8602, 8603, 8607, 8610, 8612, 8613, 8614, 8619, 8620, 8622, 8623, 8624, 8625, 8626, 8627, 8628, 8630, 8631, 8632, 8633, 8634, 8635, 8636, 8637, 8638, 8639, 8641, 8642, 8643, 8645, 8653, 8654, 8655, 8657, 8658, 8660, 8662, 8663, 8665, 8666, 8670, 8672, 8675, 8676, 8677, 8681, 8682, 8684, 8685, 8686, 8687, 8689, 8694, 8695, 8696, 8700, 8701, 8702, 8704, 8705, 8706, 8707, 8708, 8709, 8710, 8711, 8712, 8713, 8716, 8717, 8718, 8723, 8724, 8725, 8728, 8730, 8731, 8732, 8733, 8734, 8738, 8739, 8740, 8743, 8744, 8746, 8747, 8750, 8751, 8752, 8753, 8754, 8756, 8757, 8758, 8759, 8762, 8763, 8765, 8766, 8767, 8768, 8769, 8771, 8773, 8774, 8779, 8780, 8783, 8784, 8785, 8793, 8794, 8795, 8797, 8798, 8799, 8801, 8802, 8804, 8805, 8806, 8818, 8819, 8820, 8822, 8823, 8824, 8825, 8826, 8827, 8828, 8832, 8834, 8835, 8836, 8837, 8840, 8843, 8844, 8845, 8847, 8848, 8849, 8851, 8852, 8853, 8855, 8857, 8859, 8860, 8861, 8863, 8867, 8868, 8870, 8871, 8872, 8873, 8876, 8877, 8878, 8879, 8881, 8889, 8890, 8892, 8894, 8895, 8898, 8899, 8900, 8902, 8905, 8906, 8909, 8912, 8915, 8917, 8918, 8919, 8920, 8923, 8924, 8925, 8926, 8927, 8928, 8930, 8931, 8932, 8934, 8938, 8939, 8940, 8941, 8942, 8943, 8945, 8956, 8960, 8961, 8962, 8963, 8964, 8965, 8967, 8971, 8972, 8973, 8974, 8975, 8976, 8977, 8979, 8980, 8983, 8984, 8985, 8988, 8989, 8990, 8991, 8992, 8993, 9000, 9002, 9010, 9011, 9012, 9016, 9017, 9018, 9020, 9021, 9029, 9031, 9032, 9033, 9034, 9035, 9037, 9039, 9042, 9043, 9044, 9051, 9052, 9054, 9055, 9056, 9057, 9058, 9059, 9060, 9062, 9063, 9064, 9065, 9066, 9068, 9069, 9070, 9071, 9072, 9073, 9079, 9080, 9081, 9082, 9083, 9084, 9085, 9086, 9088, 9089, 9091, 9093, 9097, 9098, 9100, 9118, 9121, 9122, 9123, 9124, 9125, 9126, 9129, 9131, 9133, 9134, 9136, 9137, 9138, 9140, 9141, 9143, 9144, 9150, 9151, 9156, 9157, 9159, 9160, 9161, 9163, 9164, 9166, 9167, 9168, 9169, 9171, 9172, 9173, 9174, 9175, 9176, 9178, 9182, 9183, 9184, 9185, 9186, 9188, 9189, 9190, 9193, 9196, 9197, 9198, 9199, 9200, 9202, 9203, 9204, 9208, 9211, 9212, 9213, 9215, 9216, 9217, 9219, 9220, 9221, 9222, 9223, 9224, 9229, 9230, 9231, 9232, 9236, 9239, 9240, 9241, 9242, 9243, 9244, 9246, 9247, 9248, 9250, 9253, 9254, 9255, 9256, 9257, 9258, 9260, 9261, 9262, 9264, 9267, 9268, 9269, 9270, 9271, 9273, 9274, 9275, 9276, 9277, 9279, 9281, 9282, 9284, 9285, 9286, 9287, 9288, 9289, 9290, 9292, 9295, 9296, 9297, 9298, 9300, 9302, 9303, 9305, 9306, 9307, 9308, 9309, 9310, 9312, 9313, 9314, 9315, 9317, 9318, 9324, 9325, 9327, 9328, 9330, 9331, 9332, 9333, 9334, 9335, 9336, 9337, 9338, 9339, 9341, 9342, 9343, 9344, 9346, 9347, 9351, 9352, 9356, 9357, 9361, 9362, 9364, 9365, 9366, 9367, 9368, 9369, 9370, 9373, 9374, 9376, 9377, 9386, 9387, 9388, 9389, 9390, 9391, 9392, 9393, 9406, 9407, 9420, 9422, 9423, 9424, 9425, 9427, 9428, 9429, 9430, 9432, 9449, 9451, 9452, 9453, 9454, 9455, 9456, 9459, 9460, 9461, 9462, 9463, 9466, 9467, 9468, 9469, 9470, 9473, 9474, 9475, 9476, 9478, 9479, 9484, 9485, 9488, 9489, 9493, 9494, 9499, 9500, 9504, 9507, 9508, 9509, 9510, 9512, 9513, 9514, 9515, 9516, 9517, 9519, 9520, 9521, 9522, 9523, 9525, 9527, 9528, 9530, 9531, 9532, 9533, 9534, 9535, 9537, 9539, 9540, 9542, 9543, 9544, 9545, 9546, 9547, 9549, 9552, 9555, 9556, 9557, 9560, 9561, 9567, 9568, 9570, 9571, 9572, 9574, 9575, 9576, 9577, 9579, 9583, 9584, 9585, 9586, 9588, 9589, 9590, 9591, 9592, 9593, 9594, 9598, 9600, 9601, 9603, 9604, 9605, 9606, 9608, 9611, 9612, 9613, 9614, 9616, 9618, 9620, 9621, 9622, 9623, 9625, 9626, 9627, 9628, 9630, 9632, 9634, 9638, 9639, 9640, 9644, 9648, 9649, 9650, 9651, 9653, 9655, 9660, 9661, 9663, 9678, 9679, 9681, 9682, 9684, 9685, 9686, 9688, 9689, 9690, 9691, 9694, 9695, 9696, 9698, 9699, 9700, 9702, 9705, 9706, 9707, 9709, 9710, 9712, 9713, 9716, 9717, 9719, 9720, 9722, 9723, 9724, 9725, 9727, 9734, 9735, 9736, 9738, 9739, 9741, 9742, 9743, 9746, 9749, 9750, 9751, 9752, 9755, 9756, 9757, 9758, 9760, 9762, 9765, 9766, 9770, 9771, 9773, 9774, 9775, 9777, 9789, 9790, 9791, 9792, 9794, 9795, 9796, 9798, 9799, 9800, 9801, 9802, 9803, 9804, 9805, 9809, 9810, 9813, 9814, 9816, 9817, 9819, 9820, 9821, 9823, 9835, 9836, 9838, 9839, 9840, 9843, 9844, 9846, 9847, 9848, 9849, 9850, 9851, 9852, 9853, 9855, 9858, 9859, 9860, 9862, 9863, 9864, 9866, 9868, 9869, 9870, 9872, 9875, 9876, 9877, 9879, 9880, 9882, 9883, 9884, 9886, 9891, 9892, 9893, 9895, 9896, 9897, 9899, 9900, 9901, 9903, 9904, 9907, 9908, 9911, 9912, 9913, 9915, 9916, 9918, 9919, 9920, 9922, 9924, 9927, 9928, 9929, 9933, 9934, 9937, 9938, 9939, 9941, 9942, 9944, 9945, 9946, 9948, 9949, 9950, 9951, 9952, 9955, 9956, 9958, 9959, 9960, 9961, 9963, 9979, 9996, 10025, 10026, 10028, 10029, 10031, 10032, 10033, 10034, 10036, 10037, 10038, 10042, 10044, 10048, 10049, 10053, 10054, 10055, 10057, 10060, 10061, 10062, 10063, 10064, 10065, 10066, 10070, 10071, 10072, 10074, 10075, 10076, 10077, 10078, 10079, 10086, 10097, 10098, 10100, 10101, 10102, 10103, 10104, 10106, 10107, 10108, 10111, 10112, 10113, 10114, 10115, 10117, 10118, 10119, 10120, 10122, 10124, 10126, 10128, 10130, 10132, 10133, 10134, 10135, 10137, 10142, 10143, 10145, 10146, 10150, 10151, 10153, 10154, 10159, 10160, 10161, 10162, 10163, 10165, 10167, 10168, 10169, 10170, 10172, 10173, 10174, 10175, 10176, 10178, 10180, 10181, 10182, 10183, 10185, 10187, 10188, 10189, 10190, 10191, 10192, 10193, 10194, 10195, 10196, 10197, 10198, 10200, 10201, 10203, 10204, 10205, 10206, 10207, 10213, 10215, 10217, 10219, 10220, 10223, 10224, 10225, 10226, 10227, 10228, 10229, 10238, 10240, 10241, 10242, 10245, 10246, 10247, 10248, 10249, 10251, 10252, 10253, 10254, 10255, 10257, 10258, 10259, 10260, 10261, 10262, 10265, 10269, 10271, 10272, 10273, 10276, 10278, 10279, 10280, 10281, 10283, 10284, 10285, 10287, 10289, 10290, 10291, 10292, 10293, 10294, 10298, 10300, 10301, 10303, 10304, 10309, 10310, 10311, 10313, 10314, 10315, 10316, 10322, 10324, 10325, 10327, 10328, 10330, 10332, 10333, 10334, 10337, 10338, 10339, 10340, 10342, 10343, 10344, 10345, 10346, 10347, 10348, 10349, 10351, 10352, 10355, 10357, 10358, 10360, 10365, 10366, 10370, 10371, 10372, 10373, 10375, 10377, 10379, 10380, 10381, 10384, 10385, 10386, 10387, 10388, 10389, 10390, 10392, 10396, 10397, 10399, 10400, 10401, 10403, 10404, 10405, 10407, 10408, 10410, 10411, 10412, 10413, 10414, 10417, 10418, 10419, 10420, 10421, 10422, 10423, 10424, 10425, 10426, 10427, 10428, 10429, 10430, 10431, 10432, 10433, 10434, 10436, 10437, 10438, 10439, 10440, 10441, 10442, 10443, 10444, 10445, 10446, 10448, 10451, 10452, 10453, 10454, 10456, 10457, 10458, 10459, 10462, 10463, 10464, 10465, 10467, 10468, 10469, 10470, 10471, 10473, 10474, 10476, 10477, 10478, 10480, 10481, 10483, 10484, 10485, 10486, 10487, 10488, 10490, 10491, 10493, 10494, 10495, 10496, 10497, 10498, 10500, 10501, 10502, 10503, 10504, 10506, 10507, 10509, 10510, 10511, 10512, 10513, 10515, 10516, 10518, 10519, 10520, 10521, 10522, 10523, 10524, 10525, 10527, 10528, 10530, 10531, 10532, 10533, 10534, 10536, 10537, 10539, 10540, 10542, 10543, 10544, 10545, 10546, 10548, 10549, 10551, 10552, 10553, 10554, 10555, 10556, 10557, 10558, 10559, 10561, 10563, 10565, 10566, 10567, 10568, 10569, 10572, 10574, 10575, 10577, 10578, 10580, 10581, 10582, 10584, 10585, 10586, 10588, 10589, 10591, 10592, 10593, 10595, 10596, 10597, 10599, 10600, 10602, 10604, 10605, 10606, 10607, 10608, 10610, 10613, 10614, 10615, 10616, 10618, 10619, 10620, 10621, 10623, 10626, 10627, 10628, 10631, 10632, 10633, 10634, 10635, 10636, 10637, 10638, 10640, 10647, 10649, 10650, 10651, 10653, 10654, 10657, 10658, 10659, 10660, 10662, 10664, 10665, 10666, 10667, 10668, 10669, 10672, 10673, 10676, 10677, 10678, 10679, 10682, 10683, 10684, 10685, 10688, 10689, 10690, 10691, 10692, 10693, 10694, 10696, 10698, 10699, 10704, 10705, 10706, 10711, 10712, 10717, 10719, 10720, 10721, 10723, 10724, 10725, 10726, 10727, 10728, 10730, 10733, 10734, 10735, 10736, 10737, 10738, 10739, 10740, 10741, 10742, 10745, 10746, 10747, 10748, 10749, 10751, 10754, 10755, 10756, 10758, 10759, 10760, 10763, 10764, 10766, 10767, 10768, 10769, 10770, 10771, 10772, 10773, 10774, 10776, 10777, 10778, 10779, 10780, 10781, 10782, 10784, 10787, 10789, 10790, 10791, 10792, 10794, 10796, 10797, 10798, 10799, 10800, 10801, 10802, 10804, 10807, 10808, 10809, 10812, 10813, 10818, 10824, 10825, 10831, 10832, 10838, 10839, 10840, 10846, 10858, 10859, 10860, 10865, 10866, 10867, 10870, 10873, 10876, 10877, 10878, 10879, 10880, 10881, 10883, 10885, 10887, 10890, 10891, 10892], "summary": {"covered_lines": 5550, "num_statements": 7357, "percent_covered": 71.2677785736212, "percent_covered_display": "71", "missing_lines": 1807, "excluded_lines": 0, "num_branches": 2416, "num_partial_branches": 407, "covered_branches": 1415, "missing_branches": 1001}, "missing_lines": [108, 109, 110, 111, 112, 113, 114, 115, 116, 117, 123, 125, 126, 127, 128, 187, 188, 189, 195, 216, 217, 218, 238, 239, 261, 263, 264, 265, 267, 268, 269, 272, 279, 280, 281, 297, 298, 303, 304, 309, 310, 315, 316, 347, 348, 355, 356, 364, 365, 392, 407, 438, 450, 475, 476, 478, 491, 587, 593, 661, 671, 672, 673, 678, 681, 696, 699, 714, 722, 728, 731, 814, 817, 826, 831, 850, 879, 883, 917, 992, 1010, 1019, 1020, 1021, 1027, 1077, 1115, 1124, 1125, 1126, 1127, 1137, 1138, 1149, 1166, 1169, 1196, 1197, 1199, 1201, 1202, 1203, 1204, 1205, 1206, 1208, 1218, 1219, 1220, 1221, 1228, 1231, 1232, 1233, 1236, 1237, 1238, 1239, 1242, 1243, 1244, 1247, 1250, 1254, 1258, 1262, 1313, 1314, 1327, 1355, 1363, 1387, 1395, 1399, 1403, 1407, 1423, 1424, 1425, 1434, 1436, 1437, 1438, 1439, 1442, 1443, 1444, 1445, 1446, 1447, 1448, 1449, 1450, 1456, 1457, 1459, 1460, 1461, 1517, 1533, 1537, 1541, 1566, 1569, 1574, 1578, 1581, 1597, 1604, 1617, 1618, 1623, 1624, 1632, 1633, 1635, 1636, 1637, 1638, 1639, 1641, 1642, 1643, 1644, 1646, 1658, 1669, 1673, 1674, 1675, 1676, 1680, 1681, 1682, 1683, 1698, 1699, 1700, 1701, 1702, 1703, 1704, 1705, 1706, 1751, 1752, 1761, 1762, 1763, 1764, 1777, 1794, 1795, 1874, 1929, 1930, 1931, 1932, 1933, 1938, 1939, 1940, 1954, 1955, 1956, 1957, 2009, 2019, 2021, 2025, 2033, 2039, 2045, 2046, 2049, 2050, 2071, 2101, 2102, 2103, 2104, 2106, 2107, 2108, 2109, 2110, 2115, 2128, 2129, 2133, 2140, 2143, 2149, 2153, 2158, 2163, 2191, 2233, 2236, 2246, 2249, 2252, 2255, 2258, 2261, 2265, 2297, 2309, 2314, 2315, 2316, 2318, 2327, 2328, 2330, 2376, 2379, 2382, 2383, 2384, 2385, 2387, 2388, 2389, 2390, 2394, 2398, 2399, 2400, 2401, 2402, 2403, 2406, 2409, 2411, 2412, 2413, 2414, 2415, 2416, 2418, 2419, 2421, 2422, 2424, 2426, 2427, 2428, 2429, 2431, 2432, 2434, 2438, 2439, 2440, 2442, 2444, 2445, 2446, 2447, 2448, 2449, 2450, 2451, 2452, 2453, 2454, 2455, 2456, 2457, 2458, 2460, 2462, 2465, 2466, 2467, 2468, 2469, 2470, 2500, 2504, 2505, 2506, 2507, 2511, 2512, 2513, 2517, 2522, 2526, 2529, 2530, 2531, 2534, 2535, 2536, 2537, 2538, 2539, 2540, 2541, 2542, 2543, 2547, 2548, 2549, 2550, 2553, 2554, 2557, 2559, 2560, 2561, 2563, 2564, 2565, 2566, 2567, 2568, 2570, 2571, 2573, 2574, 2575, 2576, 2577, 2578, 2579, 2580, 2581, 2582, 2583, 2584, 2585, 2586, 2587, 2590, 2591, 2593, 2594, 2595, 2596, 2597, 2599, 2600, 2601, 2602, 2606, 2607, 2619, 2651, 2652, 2653, 2657, 2658, 2659, 2660, 2664, 2668, 2673, 2674, 2675, 2676, 2677, 2678, 2679, 2683, 2684, 2703, 2708, 2709, 2710, 2713, 2714, 2716, 2717, 2718, 2719, 2720, 2721, 2722, 2723, 2724, 2725, 2728, 2729, 2730, 2731, 2734, 2735, 2736, 2738, 2739, 2740, 2800, 2802, 2803, 2805, 2807, 2808, 2809, 2810, 2811, 2812, 2813, 2814, 2815, 2816, 2817, 2818, 2819, 2820, 2821, 2822, 2823, 2824, 2825, 2826, 2827, 2828, 2829, 2830, 2831, 2832, 2833, 2834, 2835, 2836, 2837, 2838, 2839, 2840, 2841, 2842, 2855, 2856, 2867, 2870, 2871, 2872, 2873, 2874, 2875, 2876, 2877, 2899, 2900, 2921, 2958, 2959, 2960, 2961, 2964, 2967, 2970, 2971, 2972, 2975, 2976, 2977, 2978, 2979, 2980, 2981, 2982, 2983, 2984, 2985, 2988, 2989, 2990, 2991, 2992, 2993, 2998, 2999, 3018, 3060, 3061, 3062, 3063, 3066, 3069, 3072, 3074, 3078, 3081, 3082, 3083, 3084, 3086, 3087, 3088, 3089, 3090, 3091, 3092, 3093, 3094, 3095, 3096, 3097, 3098, 3099, 3100, 3101, 3102, 3105, 3106, 3107, 3108, 3109, 3110, 3114, 3115, 3116, 3117, 3129, 3160, 3161, 3162, 3163, 3175, 3201, 3204, 3207, 3210, 3211, 3212, 3215, 3216, 3218, 3219, 3220, 3221, 3222, 3223, 3224, 3225, 3226, 3227, 3228, 3229, 3230, 3231, 3232, 3233, 3234, 3237, 3238, 3239, 3240, 3241, 3242, 3246, 3247, 3258, 3274, 3275, 3276, 3277, 3278, 3279, 3281, 3283, 3284, 3285, 3286, 3287, 3293, 3299, 3303, 3304, 3305, 3309, 3310, 3311, 3321, 3322, 3323, 3324, 3329, 3336, 3337, 3342, 3343, 3344, 3345, 3352, 3353, 3362, 3367, 3368, 3369, 3370, 3381, 3404, 3405, 3409, 3423, 3424, 3430, 3440, 3498, 3513, 3514, 3515, 3548, 3549, 3550, 3551, 3552, 3553, 3554, 3555, 3556, 3557, 3558, 3560, 3562, 3563, 3564, 3565, 3566, 3567, 3568, 3602, 3617, 3618, 3619, 3620, 3626, 3627, 3633, 3634, 3654, 3655, 3656, 3658, 3659, 3660, 3661, 3663, 3675, 3676, 3677, 3678, 3679, 3680, 3681, 3690, 3701, 3709, 3716, 3721, 3722, 3809, 3822, 3823, 3824, 3825, 3826, 3827, 3836, 3841, 3846, 3851, 3852, 3857, 3862, 3867, 3872, 3877, 3882, 3887, 3892, 3905, 3915, 3940, 3945, 3955, 3965, 3987, 3992, 3996, 3997, 3998, 4001, 4002, 4009, 4010, 4011, 4012, 4013, 4014, 4036, 4048, 4077, 4078, 4079, 4080, 4083, 4084, 4085, 4086, 4087, 4120, 4128, 4129, 4130, 4131, 4132, 4133, 4134, 4138, 4139, 4140, 4141, 4142, 4143, 4144, 4145, 4158, 4159, 4161, 4162, 4163, 4164, 4165, 4166, 4167, 4168, 4204, 4211, 4222, 4223, 4224, 4251, 4252, 4253, 4254, 4255, 4256, 4257, 4260, 4261, 4262, 4263, 4264, 4265, 4266, 4275, 4276, 4277, 4278, 4279, 4280, 4281, 4282, 4322, 4323, 4324, 4325, 4329, 4330, 4331, 4332, 4333, 4335, 4336, 4337, 4363, 4364, 4365, 4390, 4391, 4405, 4411, 4430, 4444, 4476, 4484, 4508, 4516, 4523, 4535, 4542, 4545, 4546, 4580, 4581, 4582, 4634, 4635, 4660, 4661, 4665, 4666, 4670, 4673, 4674, 4676, 4710, 4711, 4718, 4719, 4720, 4721, 4770, 4771, 4785, 4802, 4803, 4806, 4807, 4810, 4828, 4829, 4830, 4842, 4843, 4844, 4845, 4846, 4849, 4850, 4852, 4853, 4854, 4855, 4866, 4867, 4868, 4869, 4870, 4873, 4874, 4876, 4877, 4878, 4879, 4915, 4916, 4925, 4926, 4933, 4934, 4935, 4943, 4944, 4961, 4962, 4966, 4967, 5045, 5046, 5047, 5048, 5049, 5058, 5059, 5074, 5075, 5079, 5080, 5110, 5111, 5112, 5113, 5114, 5116, 5117, 5118, 5119, 5120, 5121, 5122, 5123, 5124, 5126, 5127, 5193, 5224, 5225, 5233, 5234, 5235, 5253, 5260, 5264, 5277, 5278, 5279, 5280, 5281, 5282, 5283, 5284, 5285, 5286, 5287, 5288, 5312, 5327, 5328, 5346, 5347, 5348, 5349, 5374, 5375, 5376, 5377, 5481, 5482, 5508, 5509, 5510, 5512, 5513, 5514, 5517, 5518, 5519, 5521, 5522, 5524, 5525, 5526, 5529, 5536, 5537, 5538, 5552, 5553, 5554, 5556, 5557, 5558, 5560, 5561, 5563, 5564, 5565, 5567, 5568, 5569, 5570, 5574, 5575, 5576, 5578, 5579, 5580, 5582, 5583, 5586, 5588, 5589, 5590, 5591, 5593, 5595, 5596, 5598, 5599, 5600, 5601, 5602, 5603, 5604, 5608, 5609, 5625, 5626, 5638, 5644, 5645, 5648, 5649, 5663, 5664, 5675, 5723, 5727, 5728, 5754, 5758, 5759, 5800, 5801, 5819, 5820, 5823, 5824, 5826, 5829, 5831, 5832, 5834, 5835, 5836, 5838, 5839, 5841, 5842, 5843, 5845, 5864, 5865, 5869, 5875, 5876, 5879, 5880, 5919, 5920, 5925, 5926, 5934, 5935, 5936, 5937, 6021, 6022, 6042, 6043, 6050, 6051, 6056, 6057, 6094, 6095, 6096, 6104, 6113, 6148, 6149, 6151, 6155, 6156, 6157, 6158, 6159, 6160, 6161, 6162, 6175, 6176, 6200, 6201, 6202, 6203, 6205, 6206, 6207, 6208, 6210, 6211, 6219, 6220, 6223, 6225, 6266, 6267, 6271, 6272, 6280, 6292, 6293, 6314, 6315, 6324, 6325, 6326, 6349, 6354, 6355, 6356, 6357, 6358, 6364, 6365, 6366, 6367, 6368, 6369, 6370, 6371, 6372, 6373, 6375, 6377, 6383, 6384, 6402, 6403, 6433, 6434, 6442, 6443, 6459, 6460, 6463, 6471, 6472, 6473, 6474, 6496, 6497, 6522, 6523, 6531, 6554, 6555, 6563, 6583, 6584, 6587, 6588, 6599, 6630, 6641, 6646, 6648, 6730, 6731, 6732, 6743, 6744, 6779, 6780, 6781, 6784, 6785, 6786, 6846, 6847, 6848, 6892, 6893, 6897, 6901, 6902, 6903, 6970, 6971, 6974, 6975, 6992, 6993, 6995, 6996, 6997, 7000, 7001, 7004, 7006, 7007, 7008, 7009, 7011, 7012, 7013, 7016, 7017, 7018, 7021, 7022, 7023, 7024, 7025, 7026, 7027, 7028, 7029, 7049, 7050, 7051, 7116, 7136, 7137, 7140, 7145, 7151, 7160, 7161, 7163, 7165, 7167, 7168, 7170, 7178, 7184, 7216, 7217, 7218, 7219, 7220, 7221, 7222, 7223, 7225, 7226, 7227, 7229, 7230, 7231, 7232, 7234, 7235, 7237, 7240, 7241, 7243, 7244, 7245, 7247, 7249, 7250, 7251, 7252, 7253, 7255, 7256, 7257, 7259, 7260, 7261, 7263, 7265, 7266, 7267, 7268, 7270, 7271, 7273, 7274, 7285, 7286, 7290, 7291, 7335, 7336, 7337, 7338, 7339, 7341, 7342, 7344, 7356, 7358, 7360, 7361, 7362, 7373, 7380, 7381, 7382, 7383, 7386, 7387, 7389, 7392, 7394, 7395, 7396, 7397, 7399, 7400, 7401, 7403, 7404, 7408, 7410, 7411, 7412, 7413, 7414, 7415, 7417, 7419, 7420, 7421, 7423, 7424, 7429, 7430, 7431, 7432, 7433, 7434, 7435, 7436, 7438, 7439, 7440, 7441, 7442, 7444, 7445, 7447, 7448, 7449, 7451, 7452, 7453, 7455, 7456, 7457, 7459, 7461, 7466, 7467, 7468, 7470, 7471, 7473, 7475, 7476, 7477, 7478, 7479, 7481, 7482, 7483, 7484, 7485, 7486, 7500, 7525, 7559, 7560, 7561, 7562, 7564, 7565, 7569, 7577, 7578, 7586, 7590, 7591, 7597, 7598, 7607, 7629, 7630, 7640, 7649, 7656, 7658, 7662, 7664, 7671, 7674, 7677, 7678, 7688, 7699, 7700, 7705, 7706, 7722, 7723, 7731, 7761, 7762, 7780, 7781, 7790, 7791, 7792, 7795, 7819, 7820, 7827, 7856, 7857, 7858, 7859, 7882, 7883, 7932, 8020, 8021, 8024, 8025, 8036, 8037, 8038, 8117, 8118, 8125, 8126, 8127, 8136, 8147, 8148, 8259, 8260, 8263, 8264, 8265, 8295, 8311, 8312, 8313, 8314, 8316, 8318, 8319, 8348, 8349, 8366, 8367, 8368, 8376, 8386, 8412, 8437, 8438, 8439, 8440, 8477, 8478, 8484, 8485, 8499, 8505, 8506, 8507, 8508, 8509, 8527, 8528, 8543, 8544, 8572, 8573, 8604, 8605, 8608, 8615, 8616, 8617, 8690, 8691, 8735, 8736, 8741, 8742, 8755, 8775, 8777, 8807, 8808, 8809, 8810, 8811, 8812, 8813, 8815, 8816, 8829, 8830, 8839, 8864, 8865, 8882, 8883, 8885, 8886, 8913, 8935, 8946, 8947, 8948, 8950, 8951, 8952, 8954, 8957, 8968, 8981, 9003, 9004, 9006, 9007, 9075, 9076, 9077, 9103, 9104, 9105, 9106, 9108, 9110, 9111, 9112, 9113, 9115, 9116, 9153, 9179, 9191, 9205, 9206, 9207, 9225, 9226, 9227, 9233, 9234, 9235, 9249, 9263, 9283, 9293, 9348, 9349, 9353, 9354, 9358, 9359, 9378, 9379, 9380, 9381, 9382, 9383, 9384, 9394, 9395, 9396, 9397, 9398, 9399, 9400, 9402, 9403, 9404, 9408, 9409, 9410, 9411, 9412, 9414, 9415, 9418, 9419, 9434, 9435, 9436, 9437, 9439, 9440, 9443, 9444, 9447, 9481, 9482, 9501, 9550, 9580, 9581, 9596, 9597, 9609, 9635, 9636, 9641, 9642, 9645, 9646, 9656, 9657, 9658, 9664, 9666, 9668, 9670, 9672, 9675, 9728, 9729, 9730, 9731, 9732, 9744, 9745, 9753, 9754, 9761, 9778, 9779, 9780, 9781, 9782, 9784, 9785, 9786, 9807, 9824, 9825, 9826, 9827, 9829, 9830, 9831, 9832, 9841, 9856, 9887, 9888, 9905, 9906, 9925, 9926, 9930, 9931, 9932, 9964, 9966, 9967, 9968, 9969, 9971, 9972, 9973, 9974, 9976, 9977, 9982, 9983, 9985, 9986, 9988, 9989, 9991, 9992, 9993, 9994, 9998, 9999, 10000, 10001, 10002, 10003, 10005, 10006, 10007, 10008, 10009, 10010, 10012, 10014, 10015, 10016, 10017, 10018, 10019, 10020, 10021, 10022, 10039, 10040, 10045, 10046, 10050, 10051, 10056, 10067, 10068, 10088, 10089, 10090, 10091, 10092, 10093, 10094, 10105, 10147, 10148, 10149, 10155, 10157, 10221, 10239, 10266, 10268, 10275, 10286, 10295, 10297, 10299, 10305, 10306, 10307, 10319, 10350, 10354, 10356, 10361, 10393, 10394, 10409, 10449, 10460, 10461, 10466, 10560, 10562, 10570, 10571, 10594, 10617, 10639, 10641, 10642, 10645, 10700, 10701, 10707, 10708, 10713, 10714, 10715, 10716, 10722, 10729, 10752, 10757, 10785, 10814, 10815, 10816, 10819, 10822, 10826, 10827, 10828, 10830, 10841, 10843, 10861, 10862], "excluded_lines": [], "executed_branches": [[173, 174], [173, 178], [175, 173], [175, 176], [186, 191], [194, 196], [212, 213], [212, 215], [215, 220], [222, 223], [222, 231], [223, 224], [225, 223], [225, 226], [236, -236], [236, 236], [236, 237], [237, 241], [252, 253], [252, 255], [260, 274], [277, 283], [376, 377], [376, 379], [389, 390], [406, 408], [408, 409], [409, 410], [414, 415], [414, 416], [436, 437], [460, -460], [460, 462], [465, 466], [465, 488], [468, 469], [468, 471], [473, 480], [480, 481], [480, 484], [488, 489], [488, 503], [489, 492], [494, 495], [494, 496], [496, 497], [496, 498], [498, 499], [498, 501], [532, -531], [532, 533], [534, -533], [534, 535], [536, -535], [536, 537], [538, -537], [538, 539], [540, 541], [542, 543], [544, -543], [544, 545], [546, 547], [548, -547], [548, 549], [550, 551], [552, 553], [554, 556], [559, 561], [562, -562], [562, 562], [562, 563], [584, 585], [584, 586], [586, 588], [588, 589], [588, 590], [612, -612], [612, -610], [633, 634], [633, 637], [720, 721], [720, 723], [721, 720], [809, 810], [809, 811], [811, 812], [816, 819], [824, 828], [830, 833], [847, 848], [856, 857], [856, 859], [860, 861], [860, 862], [899, 900], [905, 906], [905, 908], [906, 905], [906, 907], [914, 915], [926, -924], [926, 928], [930, -928], [930, 932], [934, -932], [934, 936], [938, -936], [938, 940], [942, -940], [942, 944], [946, -944], [946, 948], [950, -948], [950, 952], [954, -952], [954, 956], [958, -956], [958, 960], [962, -960], [962, -734], [1009, 1011], [1014, 1015], [1114, 1116], [1118, 1119], [1133, 1134], [1143, 1144], [1143, 1145], [1165, 1168], [1168, 1171], [1173, -1173], [1173, 1173], [1173, 1174], [1174, 1175], [1174, 1176], [1282, 1284], [1297, 1299], [1339, 1340], [1339, 1342], [1412, 1413], [1412, 1414], [1431, 1432], [1433, 1435], [1501, 1502], [1501, 1503], [1547, 1548], [1548, 1549], [1565, 1568], [1568, 1571], [1573, 1576], [1577, 1580], [1603, 1606], [1626, 1627], [1657, 1659], [1667, 1668], [1693, 1694], [1695, 1696], [1695, 1697], [1696, -1696], [1696, -1690], [1696, 1696], [1697, 1693], [1723, 1724], [1750, 1753], [1773, 1774], [1773, 1782], [1776, 1779], [1818, 1819], [1818, 1824], [1821, 1818], [1821, 1822], [1836, 1837], [1836, 1839], [1839, 1840], [1839, 1841], [1841, 1842], [1841, 1844], [1845, 1846], [1861, 1862], [1861, 1877], [1863, -1863], [1863, 1863], [1863, 1865], [1865, 1866], [1865, 1869], [1869, -1869], [1869, 1869], [1869, 1870], [1870, 1871], [1946, 1947], [1946, 1948], [1967, 1968], [1967, 1970], [1973, 1974], [1973, 1975], [1988, -1978], [1988, 1989], [1991, 1992], [1991, 1995], [2008, 2012], [2016, 2017], [2024, 2029], [2032, 2036], [2036, -2036], [2036, 2036], [2036, 2037], [2079, 2080], [2079, 2086], [2081, 2082], [2082, 2083], [2082, 2086], [2083, 2084], [2086, -2074], [2086, 2087], [2095, -2095], [2095, -2092], [2095, 2095], [2121, 2122], [2121, 2125], [2127, 2131], [2132, 2135], [2136, 2138], [2138, 2139], [2169, 2170], [2169, 2171], [2200, 2201], [2200, 2203], [2201, 2202], [2232, -2232], [2232, -2227], [2291, 2292], [2291, 2293], [2313, 2319], [2323, 2324], [2323, 2331], [2325, 2326], [2777, 2778], [2846, 2847], [2848, 2849], [3291, 3292], [3292, -3290], [3297, 3298], [3298, -3296], [3334, 3335], [3350, 3351], [3358, 3359], [3358, 3360], [3360, 3361], [3378, 3379], [3378, 3397], [3380, 3383], [3383, 3384], [3383, 3386], [3386, -3386], [3386, 3386], [3386, 3387], [3391, 3392], [3391, 3394], [3403, 3407], [3407, 3408], [3408, 3411], [3411, 3412], [3411, 3415], [3412, 3411], [3412, 3413], [3422, 3426], [3426, 3427], [3427, 3426], [3427, 3428], [3437, 3438], [3438, 3437], [3438, 3439], [3447, 3448], [3447, 3450], [3448, 3447], [3448, 3449], [3459, 3461], [3459, 3462], [3468, -3468], [3468, -3465], [3468, 3468], [3473, 3474], [3473, 3475], [3475, -3475], [3475, -3471], [3475, 3475], [3495, 3499], [3500, -3500], [3500, 3501], [3500, 3508], [3503, 3504], [3503, 3507], [3508, 3512], [3512, 3516], [3524, 3525], [3524, 3528], [3545, 3546], [3616, 3622], [3624, -3624], [3624, 3624], [3624, 3625], [3625, 3630], [3669, 3670], [3689, 3692], [3700, 3703], [3708, 3711], [3727, 3728], [3727, 3729], [3749, 3750], [3749, 3754], [3750, -3748], [3750, 3751], [3751, -3748], [3751, 3752], [3757, -3748], [3757, 3758], [3803, 3804], [3803, 3805], [3805, 3806], [3806, -3806], [3806, 3806], [3806, 3807], [3816, -3816], [3816, -3813], [3984, 3985], [3991, 3994], [4000, 4003], [4035, 4038], [4038, 4039], [4060, 4061], [4117, 4118], [4127, 4137], [4137, 4147], [4149, 4151], [4153, 4154], [4153, 4171], [4157, 4153], [4201, 4202], [4206, 4207], [4219, -4219], [4219, 4219], [4219, 4221], [4250, 4259], [4259, -4259], [4259, 4270], [4272, -4272], [4272, 4272], [4272, 4273], [4288, 4290], [4416, 4417], [4416, 4423], [4419, -4419], [4419, 4420], [4423, 4424], [4426, -4426], [4426, 4427], [4443, -4443], [4443, -4440], [4450, 4451], [4450, 4452], [4452, 4453], [4473, 4474], [4497, -4496], [4497, 4498], [4498, 4497], [4498, 4499], [4527, -4527], [4527, 4527], [4527, 4528], [4527, 4529], [4530, 4531], [4530, 4534], [4534, 4536], [4536, 4537], [4549, 4550], [4549, 4554], [4561, 4562], [4561, 4563], [4575, 4576], [4588, 4589], [4588, 4590], [4593, 4594], [4593, 4595], [4633, 4637], [4637, 4638], [4637, 4641], [4647, 4648], [4647, 4653], [4648, 4649], [4648, 4651], [4653, 4654], [4653, 4657], [4657, 4658], [4657, 4659], [4659, 4662], [4662, 4663], [4662, 4664], [4664, 4667], [4667, 4668], [4672, 4678], [4682, 4683], [4682, 4684], [4694, 4695], [4699, 4700], [4699, 4701], [4709, 4713], [4714, -4714], [4714, 4717], [4717, 4722], [4731, 4732], [4731, 4733], [4741, 4743], [4741, 4745], [4745, -4745], [4745, 4745], [4745, 4745], [4745, 4745], [4745, 4745], [4745, 4749], [4750, -4750], [4750, 4750], [4750, 4750], [4750, 4753], [4757, 4758], [4757, 4759], [4768, 4773], [4773, -4773], [4773, 4773], [4773, 4773], [4773, 4773], [4773, 4773], [4773, 4773], [4773, 4776], [4782, 4784], [4782, 4788], [4784, 4787], [4791, 4792], [4791, 4793], [4801, 4805], [4805, 4809], [4809, 4813], [4819, -4819], [4819, 4819], [4819, 4820], [4823, 4824], [4823, 4826], [4834, 4835], [4834, 4836], [4858, 4859], [4858, 4860], [4882, 4883], [4882, 4884], [4893, 4894], [4893, 4897], [4897, 4898], [4904, -4904], [4904, 4905], [4905, -4905], [4905, 4907], [4920, 4921], [4920, 4928], [4930, 4931], [4948, 4949], [4948, 4950], [4960, 4964], [4965, 4969], [4974, 4975], [4974, 4976], [5001, 5002], [5001, 5004], [5016, 5017], [5041, 5042], [5057, 5061], [5061, 5062], [5061, 5065], [5063, 5064], [5071, 5072], [5071, 5076], [5073, 5071], [5106, 5107], [5130, 5131], [5130, 5132], [5162, 5163], [5162, 5169], [5163, 5164], [5163, 5167], [5170, 5171], [5170, 5174], [5174, 5175], [5174, 5179], [5179, -5179], [5179, 5179], [5179, 5180], [5192, 5194], [5201, 5202], [5201, 5208], [5223, 5228], [5244, 5245], [5244, 5273], [5249, 5249], [5249, 5249], [5249, 5249], [5249, 5249], [5249, 5255], [5259, 5261], [5263, 5265], [5265, 5244], [5265, 5267], [5269, 5270], [5276, -5275], [5297, 5298], [5297, 5300], [5316, 5317], [5316, 5329], [5317, 5316], [5317, 5318], [5321, 5322], [5321, 5326], [5326, 5316], [5336, 5337], [5336, 5342], [5337, 5336], [5337, 5338], [5338, 5339], [5339, 5340], [5362, 5363], [5362, 5364], [5368, 5369], [5368, 5370], [5382, 5383], [5382, 5385], [5383, 5382], [5383, 5384], [5388, 5389], [5388, 5390], [5412, 5413], [5412, 5416], [5418, 5419], [5418, 5422], [5422, 5423], [5422, 5426], [5429, 5430], [5429, 5433], [5443, 5444], [5443, 5445], [5460, 5461], [5460, 5464], [5461, -5461], [5461, 5461], [5461, 5462], [5467, 5468], [5467, 5469], [5480, 5484], [5487, 5488], [5487, 5491], [5495, 5496], [5495, 5497], [5541, 5542], [5541, 5543], [5612, 5613], [5612, 5614], [5624, 5628], [5634, 5635], [5634, 5637], [5637, 5640], [5643, 5647], [5647, 5651], [5651, 5652], [5651, 5657], [5652, 5653], [5652, 5654], [5654, 5651], [5654, 5655], [5660, 5661], [5660, 5677], [5666, 5660], [5666, 5667], [5668, 5666], [5668, 5669], [5669, 5668], [5669, 5670], [5671, 5672], [5680, 5681], [5680, 5682], [5701, 5702], [5719, 5720], [5719, 5742], [5720, 5721], [5730, 5731], [5730, 5740], [5732, 5733], [5732, 5736], [5750, 5751], [5750, 5773], [5751, 5752], [5761, 5762], [5761, 5771], [5765, 5766], [5777, 5778], [5777, 5794], [5778, 5777], [5778, 5779], [5779, 5777], [5779, 5780], [5780, 5782], [5786, 5777], [5786, 5787], [5788, 5789], [5789, 5790], [5799, 5803], [5803, 5804], [5803, 5815], [5810, 5811], [5810, 5813], [5818, 5822], [5822, 5828], [5828, 5847], [5852, 5853], [5852, 5854], [5863, 5867], [5867, 5868], [5867, 5894], [5868, 5871], [5874, 5878], [5878, 5882], [5882, 5867], [5882, 5883], [5883, 5882], [5883, 5884], [5885, 5886], [5885, 5887], [5887, 5888], [5887, 5890], [5898, 5899], [5898, 5900], [5918, 5923], [5924, 5929], [5931, 5932], [5931, 5940], [5933, 5940], [5946, 5947], [5946, 5948], [5970, 5971], [5975, 5976], [5975, 5979], [5984, 5985], [5984, 5986], [6008, 6009], [6008, 6010], [6025, 6026], [6025, 6027], [6041, 6045], [6045, 6046], [6045, 6048], [6049, 6052], [6055, 6059], [6063, 6064], [6063, 6065], [6072, 6073], [6072, 6074], [6077, 6078], [6077, 6079], [6093, 6098], [6101, 6102], [6101, 6117], [6102, 6103], [6103, 6106], [6108, 6109], [6108, 6111], [6112, 6115], [6121, 6122], [6121, 6123], [6140, 6141], [6142, 6143], [6147, 6150], [6150, 6152], [6152, 6153], [6168, 6169], [6169, 6170], [6169, 6174], [6174, 6178], [6179, 6180], [6185, 6186], [6185, 6187], [6218, 6222], [6222, 6224], [6224, 6227], [6231, 6232], [6231, 6234], [6237, 6238], [6237, 6243], [6243, 6244], [6248, 6249], [6248, 6250], [6265, 6269], [6270, 6275], [6275, -6275], [6275, 6276], [6276, 6277], [6276, 6282], [6277, 6278], [6278, -6278], [6278, 6278], [6278, 6284], [6284, 6285], [6284, 6339], [6285, 6286], [6285, 6288], [6291, 6295], [6297, 6298], [6297, 6336], [6305, 6306], [6305, 6308], [6310, 6311], [6310, 6313], [6313, 6317], [6320, 6321], [6320, 6323], [6328, 6297], [6328, 6329], [6336, 6284], [6336, 6337], [6382, 6386], [6401, 6405], [6413, 6414], [6413, 6415], [6432, 6436], [6441, 6445], [6446, 6447], [6446, 6476], [6452, 6453], [6452, 6456], [6458, 6462], [6462, 6465], [6468, 6469], [6479, 6480], [6479, 6481], [6495, 6498], [6501, 6502], [6506, 6507], [6506, 6508], [6521, 6525], [6528, 6529], [6528, 6534], [6530, 6532], [6532, 6528], [6532, 6533], [6538, 6539], [6538, 6540], [6553, 6557], [6560, 6561], [6560, 6566], [6562, 6564], [6564, 6560], [6564, 6565], [6570, 6571], [6570, 6572], [6586, 6589], [6591, -6591], [6591, 6591], [6591, 6592], [6592, -6592], [6592, 6592], [6592, 6593], [6593, 6594], [6593, 6598], [6594, 6595], [6594, 6597], [6598, 6600], [6600, 6601], [6605, 6606], [6605, 6607], [6623, 6624], [6623, 6632], [6625, -6625], [6625, 6625], [6625, 6626], [6626, 6627], [6628, -6628], [6628, 6628], [6628, 6629], [6629, 6632], [6638, 6639], [6638, 6694], [6640, 6643], [6645, 6650], [6652, 6653], [6652, 6655], [6658, 6659], [6658, 6663], [6665, 6666], [6665, 6670], [6671, 6672], [6671, 6674], [6677, 6678], [6677, 6683], [6687, -6687], [6687, 6687], [6687, 6688], [6687, 6692], [6694, 6695], [6699, 6700], [6699, 6701], [6717, 6718], [6717, 6719], [6729, 6734], [6742, 6746], [6750, -6750], [6750, 6750], [6750, 6752], [6752, 6753], [6755, 6756], [6755, 6762], [6766, 6767], [6766, 6768], [6778, 6783], [6783, 6788], [6794, 6795], [6794, 6798], [6809, 6810], [6809, 6811], [6832, 6833], [6832, 6853], [6836, 6837], [6836, 6839], [6839, 6840], [6839, 6845], [6840, 6841], [6841, 6842], [6842, 6843], [6843, 6832], [6845, 6850], [6850, -6850], [6850, 6850], [6850, 6851], [6857, -6857], [6857, 6857], [6857, 6859], [6859, 6860], [6859, 6871], [6863, 6864], [6863, 6869], [6864, 6865], [6864, 6867], [6874, 6875], [6874, 6876], [6891, 6895], [6896, 6899], [6922, 6923], [6922, 6925], [6931, 6932], [6931, 6938], [6943, 6944], [6943, 6949], [6952, 6953], [6952, 6954], [6969, 6973], [6973, 6977], [6977, 6978], [6977, 6981], [6984, 6985], [7032, 7033], [7032, 7034], [7048, 7053], [7057, 7058], [7057, 7059], [7115, 7117], [7132, 7133], [7132, 7135], [7135, -7135], [7135, 7139], [7139, 7142], [7144, 7147], [7150, 7153], [7153, 7154], [7153, 7172], [7154, 7155], [7154, 7157], [7159, 7162], [7162, 7164], [7174, 7175], [7174, 7177], [7177, 7179], [7183, 7186], [7190, 7191], [7190, 7194], [7210, 7211], [7284, 7288], [7296, -7296], [7296, -7295], [7296, 7296], [7306, -7306], [7306, 7306], [7306, 7308], [7316, 7317], [7316, 7366], [7322, 7323], [7322, 7325], [7328, 7329], [7328, 7331], [7331, 7332], [7331, 7349], [7334, 7343], [7343, 7345], [7345, 7346], [7345, 7351], [7353, 7316], [7353, 7354], [7359, 7364], [7370, 7371], [7490, -7490], [7490, -7488], [7499, 7502], [7499, 7506], [7504, -7504], [7504, 7504], [7504, 7509], [7511, -7511], [7511, 7511], [7511, 7512], [7516, 7517], [7516, 7518], [7523, 7524], [7523, 7546], [7524, 7527], [7529, 7530], [7529, 7532], [7532, 7533], [7532, 7541], [7535, 7536], [7537, 7538], [7537, 7539], [7541, 7523], [7541, 7542], [7551, 7552], [7553, 7554], [7553, 7575], [7554, 7555], [7554, 7573], [7556, 7554], [7556, 7557], [7558, 7566], [7566, 7567], [7571, 7572], [7575, 7576], [7575, 7579], [7576, -7576], [7576, -7548], [7576, 7576], [7585, 7589], [7589, 7593], [7596, 7600], [7604, 7605], [7604, 7642], [7606, 7609], [7613, 7614], [7613, 7620], [7615, -7615], [7615, 7615], [7615, 7615], [7615, 7615], [7615, 7615], [7615, 7615], [7615, 7618], [7628, 7632], [7639, 7604], [7648, 7651], [7651, 7652], [7653, 7654], [7653, 7655], [7655, 7657], [7657, 7659], [7659, 7660], [7659, 7661], [7661, 7651], [7670, 7673], [7673, 7676], [7676, 7680], [7683, 7684], [7683, 7710], [7685, 7686], [7685, 7687], [7687, 7689], [7689, 7690], [7696, 7697], [7696, 7702], [7698, 7702], [7715, 7716], [7715, 7718], [7719, 7720], [7719, 7724], [7720, 7721], [7721, 7719], [7727, -7726], [7727, 7728], [7730, 7733], [7737, 7738], [7737, 7742], [7749, 7750], [7749, 7751], [7765, 7766], [7765, 7767], [7779, 7783], [7787, 7788], [7787, 7794], [7789, 7799], [7794, 7796], [7796, 7797], [7804, 7805], [7804, 7806], [7818, 7822], [7824, 7825], [7831, 7832], [7831, 7833], [7844, 7845], [7844, 7846], [7852, 7853], [7862, 7863], [7862, 7864], [7881, 7885], [7890, 7891], [7890, 7896], [7899, 7900], [7899, 7902], [7925, 7926], [7925, 7937], [7931, 7933], [7940, 7941], [7940, 7942], [7954, 7955], [7954, 7956], [7968, 7969], [7968, 7970], [7982, 7983], [7982, 7984], [7996, 7997], [7996, 7998], [8019, 8023], [8023, 8027], [8031, 8032], [8031, 8040], [8032, 8033], [8032, 8040], [8041, 8042], [8041, 8046], [8049, 8050], [8049, 8051], [8063, 8064], [8063, 8065], [8077, 8078], [8077, 8079], [8091, 8092], [8091, 8093], [8105, 8106], [8105, 8107], [8116, 8120], [8135, 8138], [8145, 8146], [8145, 8193], [8146, 8149], [8156, 8158], [8156, 8161], [8162, 8163], [8162, 8168], [8168, 8169], [8169, 8170], [8169, 8175], [8175, 8176], [8176, 8177], [8176, 8189], [8178, 8179], [8178, 8180], [8180, 8181], [8180, 8183], [8196, 8197], [8196, 8198], [8230, 8231], [8230, 8235], [8232, 8230], [8232, 8233], [8235, 8236], [8235, 8239], [8254, 8255], [8254, 8258], [8258, 8262], [8262, 8267], [8274, 8275], [8274, 8277], [8280, 8281], [8280, 8282], [8291, 8292], [8291, 8306], [8294, 8297], [8298, 8299], [8298, 8301], [8306, 8307], [8307, 8308], [8322, 8323], [8322, 8324], [8335, 8336], [8335, 8337], [8347, 8351], [8351, 8352], [8359, 8360], [8359, 8369], [8360, 8361], [8360, 8363], [8363, 8364], [8363, 8365], [8365, 8359], [8373, 8374], [8373, 8375], [8375, 8377], [8377, 8378], [8377, 8380], [8385, 8388], [8415, 8416], [8415, 8417], [8435, 8436], [8435, 8449], [8436, 8442], [8452, 8453], [8452, 8454], [8466, 8467], [8466, 8471], [8471, 8472], [8471, 8479], [8483, 8487], [8490, 8491], [8498, 8503], [8504, 8511], [8514, 8515], [8514, 8516], [8531, 8532], [8531, 8533], [8542, 8546], [8560, 8561], [8560, 8562], [8571, 8575], [8585, 8586], [8585, 8587], [8603, 8607], [8607, 8610], [8625, 8626], [8625, 8628], [8653, 8654], [8657, 8658], [8657, 8660], [8675, 8676], [8675, 8677], [8694, 8695], [8694, 8696], [8716, 8717], [8716, 8718], [8734, 8738], [8740, 8743], [8751, 8752], [8751, 8762], [8754, 8756], [8768, 8769], [8768, 8773], [8774, 8779], [8783, 8784], [8783, 8785], [8804, 8805], [8806, 8818], [8824, 8825], [8824, 8834], [8825, 8824], [8825, 8826], [8828, 8832], [8834, 8835], [8834, 8836], [8836, 8837], [8843, 8844], [8843, 8845], [8863, 8867], [8872, -8872], [8872, 8872], [8872, 8873], [8873, -8873], [8873, 8873], [8873, 8876], [8881, 8889], [8890, -8890], [8890, 8890], [8890, 8892], [8894, 8895], [8894, 8920], [8898, 8899], [8898, 8902], [8899, -8899], [8899, 8900], [8899, 8902], [8905, 8906], [8912, 8915], [8923, 8924], [8923, 8925], [8938, 8939], [8938, 8940], [8960, 8961], [8960, 8962], [8971, 8972], [8971, 8973], [8980, 8983], [8988, 8989], [8988, 8990], [9010, 9011], [9010, 9012], [9032, 9033], [9032, 9037], [9042, 9043], [9042, 9044], [9071, 9072], [9122, 9123], [9122, 9133], [9123, 9124], [9133, 9134], [9133, 9136], [9167, 9168], [9167, 9169], [9182, 9183], [9182, 9184], [9190, 9193], [9196, 9197], [9196, 9198], [9204, 9208], [9211, 9212], [9211, 9213], [9223, 9224], [9231, 9232], [9239, 9240], [9239, 9241], [9248, 9250], [9253, 9254], [9253, 9255], [9262, 9264], [9267, 9268], [9267, 9269], [9282, 9284], [9287, 9288], [9287, 9289], [9296, 9297], [9302, 9303], [9302, 9305], [9391, 9392], [9391, 9406], [9393, 9391], [9407, 9420], [9452, -9452], [9452, 9452], [9452, 9453], [9454, -9454], [9454, 9454], [9454, 9455], [9459, 9460], [9459, 9466], [9460, 9461], [9461, 9460], [9461, 9462], [9466, 9467], [9466, 9484], [9468, 9469], [9469, 9468], [9469, 9470], [9473, 9474], [9473, 9478], [9475, 9476], [9475, 9478], [9500, 9504], [9527, 9528], [9527, 9530], [9540, 9542], [9540, 9543], [9555, 9556], [9579, 9583], [9583, 9584], [9583, 9588], [9588, 9589], [9588, 9600], [9590, -9590], [9590, 9590], [9590, 9591], [9591, 9592], [9592, 9593], [9608, 9611], [9613, 9614], [9613, 9616], [9620, 9621], [9620, 9623], [9626, 9627], [9626, 9628], [9634, 9638], [9640, 9644], [9644, 9648], [9650, 9651], [9650, 9653], [9694, 9695], [9694, 9705], [9698, 9699], [9698, 9702], [9706, 9707], [9706, 9709], [9738, 9739], [9738, 9760], [9739, 9741], [9739, 9749], [9741, 9742], [9741, 9746], [9749, 9738], [9749, 9750], [9756, 9757], [9756, 9758], [9760, 9762], [9802, 9803], [9802, 9809], [9803, 9804], [9840, 9843], [9843, -9843], [9843, 9843], [9843, 9844], [9843, 9846], [9851, 9852], [9851, 9858], [9855, 9858], [9868, 9869], [9868, 9872], [9869, 9868], [9869, 9870], [9875, 9876], [9875, 9877], [9891, 9892], [9891, 9893], [9904, 9907], [9911, 9912], [9911, 9913], [9924, 9927], [9928, -9928], [9928, 9929], [9937, 9938], [9937, 9939], [9950, 9951], [9950, 9952], [10038, 10042], [10044, 10048], [10049, 10053], [10053, 10054], [10053, 10057], [10055, 10053], [10062, 10063], [10066, 10070], [10077, -10077], [10077, 10078], [10100, 10101], [10100, 10108], [10103, 10104], [10161, 10162], [10161, 10163], [10168, -10168], [10168, 10168], [10168, 10169], [10168, 10170], [10174, -10172], [10174, 10175], [10174, 10176], [10188, 10189], [10188, 10191], [10192, 10193], [10192, 10213], [10196, 10197], [10196, 10200], [10219, 10220], [10219, 10242], [10220, 10223], [10224, -10224], [10224, 10224], [10224, 10225], [10225, -10225], [10225, 10225], [10225, 10226], [10225, 10238], [10238, 10240], [10259, 10260], [10259, 10269], [10273, 10276], [10285, 10287], [10291, 10292], [10291, 10301], [10298, 10300], [10316, 10322], [10333, -10333], [10333, 10334], [10347, 10348], [10347, 10358], [10348, 10349], [10348, 10358], [10349, 10351], [10351, 10352], [10355, 10357], [10377, 10379], [10377, 10384], [10380, 10381], [10384, 10385], [10385, 10386], [10386, 10387], [10408, 10410], [10411, 10412], [10411, 10414], [10412, 10413], [10412, 10414], [10432, 10433], [10432, 10434], [10453, 10454], [10453, 10456], [10456, 10457], [10456, 10471], [10459, 10462], [10462, 10463], [10462, 10470], [10465, 10467], [10476, -10473], [10476, 10477], [10476, 10478], [10483, -10480], [10483, 10484], [10483, 10488], [10485, 10486], [10485, 10487], [10493, -10490], [10493, 10494], [10493, 10495], [10496, 10497], [10496, 10498], [10502, -10500], [10502, 10503], [10502, 10504], [10510, 10511], [10510, 10512], [10519, 10520], [10519, 10521], [10530, 10531], [10530, 10532], [10532, 10533], [10532, 10537], [10533, 10534], [10533, 10536], [10542, 10543], [10542, 10544], [10544, 10545], [10544, 10546], [10559, 10561], [10561, 10563], [10591, -10588], [10591, 10592], [10591, 10597], [10593, 10595], [10606, -10604], [10606, 10607], [10606, 10608], [10613, 10614], [10613, 10615], [10616, 10618], [10638, 10640], [10649, 10650], [10649, 10653], [10677, 10678], [10683, 10684], [10689, 10690], [10699, 10704], [10704, 10705], [10704, 10711], [10706, 10704], [10712, 10717], [10721, 10723], [10723, 10724], [10723, 10726], [10726, 10727], [10726, 10730], [10728, 10730], [10756, 10758], [10758, 10759], [10758, 10760], [10807, 10808], [10807, 10809], [10812, 10813], [10813, 10818], [10818, 10824], [10840, 10846], [10858, 10859], [10858, 10865], [10883, 10885]], "missing_branches": [[110, 111], [110, 113], [125, 126], [125, 127], [186, 187], [194, 195], [215, 216], [216, 217], [216, 218], [223, 228], [237, 238], [260, 261], [261, 263], [261, 265], [265, 267], [265, 272], [277, 279], [389, 392], [406, 407], [408, 412], [409, 411], [436, 438], [473, 475], [475, 476], [475, 478], [489, 491], [540, -539], [542, -541], [546, -545], [550, -549], [552, -551], [554, -553], [559, -556], [586, 587], [671, 672], [671, 673], [721, 722], [811, 814], [816, 817], [824, 826], [830, 831], [847, 850], [899, 922], [914, 917], [1009, 1010], [1014, 1019], [1114, 1115], [1118, 1124], [1133, 1137], [1165, 1166], [1168, 1169], [1201, 1202], [1201, 1203], [1203, 1204], [1203, 1205], [1205, 1206], [1205, 1208], [1242, 1243], [1242, 1244], [1282, 1288], [1297, 1302], [1431, 1436], [1433, 1434], [1437, 1438], [1437, 1439], [1442, 1443], [1442, 1444], [1446, 1447], [1446, 1450], [1456, 1457], [1456, 1459], [1547, -1543], [1548, -1543], [1565, 1566], [1568, 1569], [1573, 1574], [1577, 1578], [1603, 1604], [1626, 1629], [1657, 1658], [1667, 1669], [1674, 1675], [1674, 1676], [1681, 1682], [1681, 1683], [1693, 1706], [1697, 1698], [1704, 1693], [1704, 1705], [1705, -1705], [1705, -1690], [1723, 1725], [1750, 1751], [1776, 1777], [1845, 1847], [1870, 1874], [2008, 2009], [2016, 2039], [2024, 2025], [2032, 2033], [2036, 2016], [2045, 2046], [2045, 2049], [2081, 2086], [2083, 2086], [2107, 2108], [2107, 2110], [2127, 2128], [2132, 2133], [2136, 2143], [2138, 2140], [2201, 2200], [2232, 2233], [2313, 2314], [2315, 2316], [2315, 2318], [2325, 2327], [2327, 2328], [2327, 2330], [2383, 2384], [2383, 2385], [2385, 2387], [2385, 2388], [2388, 2389], [2388, 2390], [2398, 2399], [2398, 2400], [2400, 2401], [2400, 2403], [2411, 2412], [2411, 2414], [2412, 2413], [2412, 2419], [2414, 2415], [2414, 2418], [2415, 2416], [2415, 2419], [2424, 2426], [2424, 2429], [2429, 2431], [2429, 2434], [2438, 2439], [2438, 2442], [2444, 2445], [2444, 2447], [2445, 2446], [2445, 2462], [2447, 2448], [2447, 2450], [2448, 2449], [2448, 2462], [2450, 2451], [2450, 2453], [2451, 2452], [2451, 2462], [2453, 2454], [2453, 2456], [2454, 2455], [2454, 2462], [2456, 2457], [2456, 2460], [2457, 2458], [2457, 2462], [2466, 2467], [2466, 2468], [2468, 2469], [2468, 2470], [2505, 2506], [2505, 2507], [2511, 2512], [2511, 2513], [2537, 2538], [2537, 2539], [2539, 2540], [2539, 2541], [2541, 2542], [2541, 2543], [2547, 2548], [2547, 2550], [2559, -2559], [2559, 2560], [2563, 2564], [2563, 2587], [2564, 2565], [2564, 2587], [2565, 2566], [2565, 2567], [2567, 2568], [2567, 2570], [2570, 2571], [2570, 2573], [2573, 2574], [2573, 2575], [2575, 2576], [2575, 2587], [2576, 2577], [2576, 2587], [2577, 2578], [2577, 2579], [2579, 2580], [2579, 2581], [2581, 2582], [2581, 2583], [2583, 2584], [2583, 2585], [2585, 2586], [2585, 2587], [2591, 2593], [2591, 2600], [2593, 2594], [2593, 2596], [2596, 2597], [2596, 2599], [2600, 2601], [2600, 2602], [2658, 2659], [2658, 2660], [2673, 2674], [2673, 2675], [2675, 2676], [2675, 2677], [2677, 2678], [2677, 2679], [2716, 2717], [2716, 2738], [2719, 2720], [2719, 2722], [2720, 2721], [2720, 2738], [2722, 2723], [2722, 2725], [2723, 2724], [2723, 2738], [2725, 2728], [2725, 2731], [2729, 2730], [2729, 2738], [2731, 2734], [2731, 2738], [2735, 2736], [2735, 2738], [2738, 2739], [2738, 2740], [2777, 2779], [2802, -2802], [2802, 2803], [2807, 2808], [2807, 2809], [2809, 2810], [2809, 2811], [2811, 2812], [2811, 2813], [2813, 2814], [2813, 2815], [2815, 2816], [2815, 2818], [2818, 2819], [2818, 2820], [2820, 2821], [2820, 2822], [2822, 2823], [2822, 2824], [2824, 2825], [2824, 2826], [2826, 2827], [2826, 2828], [2828, 2829], [2828, 2830], [2830, 2831], [2830, 2832], [2832, 2833], [2832, 2834], [2834, 2835], [2834, 2836], [2836, 2837], [2836, 2838], [2838, 2839], [2838, 2840], [2840, 2841], [2840, 2842], [2846, 2848], [2848, 2851], [2870, 2871], [2870, 2872], [2958, 2959], [2958, 2961], [2976, -2976], [2976, 2977], [2979, 2980], [2979, 2985], [2980, 2981], [2980, 2985], [2981, 2982], [2981, 2985], [2982, 2983], [2982, 2985], [2983, 2984], [2983, 2985], [2989, 2990], [2989, 2991], [2991, 2992], [2991, 2993], [3061, 3062], [3061, 3063], [3082, -3082], [3082, 3083], [3086, 3087], [3086, 3102], [3087, 3088], [3087, 3102], [3088, 3089], [3088, 3102], [3089, 3090], [3089, 3102], [3090, 3091], [3090, 3102], [3091, 3092], [3091, 3102], [3092, 3093], [3092, 3102], [3093, 3094], [3093, 3102], [3094, 3095], [3094, 3102], [3095, 3096], [3095, 3102], [3096, 3097], [3096, 3102], [3097, 3098], [3097, 3102], [3098, 3099], [3098, 3102], [3099, 3100], [3099, 3102], [3100, 3101], [3100, 3102], [3106, 3107], [3106, 3108], [3108, 3109], [3108, 3110], [3218, 3219], [3218, 3220], [3220, 3221], [3220, 3222], [3222, 3223], [3222, 3224], [3224, 3225], [3224, 3226], [3226, 3227], [3226, 3228], [3228, 3229], [3228, 3230], [3230, 3231], [3230, 3232], [3232, 3233], [3232, 3234], [3238, 3239], [3238, 3240], [3240, 3241], [3240, 3242], [3274, 3275], [3274, 3277], [3277, 3278], [3277, 3281], [3291, -3290], [3292, 3293], [3297, -3296], [3298, 3299], [3303, -3302], [3303, 3304], [3304, -3302], [3304, 3305], [3309, -3308], [3309, 3310], [3310, -3308], [3310, 3311], [3321, 3322], [3321, 3324], [3322, 3321], [3322, 3323], [3334, 3336], [3342, 3343], [3342, 3344], [3350, 3352], [3360, 3362], [3380, 3381], [3403, 3404], [3407, 3411], [3408, 3409], [3422, 3423], [3426, 3430], [3437, 3440], [3495, 3498], [3508, 3514], [3512, 3513], [3545, 3548], [3548, 3549], [3548, 3562], [3554, 3555], [3554, 3560], [3616, 3617], [3625, 3626], [3655, 3656], [3655, 3658], [3669, 3675], [3689, 3690], [3700, 3701], [3708, 3709], [3805, 3809], [3822, 3823], [3822, 3824], [3825, 3826], [3825, 3827], [3984, 3987], [3991, 3992], [4000, 4001], [4009, 4010], [4009, 4012], [4035, 4036], [4038, 4048], [4060, 4062], [4117, 4120], [4127, 4128], [4129, 4130], [4129, 4137], [4131, 4132], [4131, 4134], [4137, 4138], [4139, 4140], [4139, 4147], [4141, 4142], [4141, 4145], [4149, 4171], [4157, 4158], [4159, 4153], [4159, 4161], [4201, 4204], [4206, 4211], [4223, 4224], [4223, 4227], [4250, 4251], [4251, 4252], [4251, 4257], [4259, 4260], [4260, 4261], [4260, 4266], [4276, 4277], [4276, 4282], [4288, 4291], [4324, 4325], [4324, 4329], [4423, 4430], [4443, 4444], [4452, 4454], [4473, 4476], [4534, 4535], [4536, 4538], [4575, 4580], [4633, 4634], [4659, 4660], [4664, 4665], [4667, 4670], [4672, 4673], [4673, 4674], [4673, 4676], [4694, 4696], [4709, 4710], [4717, 4718], [4719, -4719], [4719, 4720], [4720, 4721], [4720, 4722], [4768, 4770], [4784, 4785], [4801, 4802], [4805, 4806], [4809, 4810], [4850, -4850], [4850, 4852], [4852, 4853], [4852, 4854], [4874, -4874], [4874, 4876], [4876, 4877], [4876, 4878], [4897, 4899], [4930, 4933], [4960, 4961], [4965, 4966], [5016, -5016], [5016, -5013], [5041, 5045], [5045, -5038], [5045, 5046], [5057, 5058], [5063, 5061], [5073, 5074], [5106, 5110], [5112, -5112], [5112, 5113], [5114, -5114], [5114, 5116], [5116, 5117], [5116, 5127], [5117, 5116], [5117, 5118], [5120, 5117], [5120, 5121], [5192, 5193], [5223, 5224], [5249, 5253], [5259, 5260], [5263, 5264], [5269, 5244], [5276, 5277], [5278, 5279], [5278, 5288], [5279, 5278], [5279, 5280], [5280, 5281], [5280, 5282], [5283, 5278], [5283, 5284], [5284, -5275], [5284, 5285], [5326, 5327], [5338, 5336], [5339, 5336], [5346, 5347], [5346, 5349], [5347, 5346], [5347, 5348], [5374, 5375], [5374, 5377], [5375, 5374], [5375, 5376], [5480, 5481], [5508, 5509], [5508, 5512], [5518, 5519], [5518, 5521], [5552, 5553], [5552, 5556], [5556, 5557], [5556, 5560], [5563, 5564], [5563, 5595], [5575, -5575], [5575, 5576], [5589, 5590], [5589, 5593], [5624, 5625], [5637, 5638], [5643, 5644], [5647, 5648], [5671, 5675], [5701, 5704], [5720, 5723], [5751, 5754], [5765, 5767], [5780, 5777], [5788, 5793], [5789, 5793], [5799, 5800], [5818, 5819], [5819, 5820], [5819, 5822], [5822, 5823], [5823, 5824], [5823, 5826], [5824, -5824], [5824, 5828], [5826, -5826], [5826, 5828], [5828, 5829], [5831, 5832], [5831, 5841], [5835, 5836], [5835, 5838], [5838, 5839], [5838, 5849], [5842, 5843], [5842, 5845], [5863, 5864], [5868, 5869], [5874, 5875], [5878, 5879], [5918, 5919], [5924, 5925], [5933, 5934], [5970, 5973], [6041, 6042], [6049, 6050], [6055, 6056], [6093, 6094], [6102, 6118], [6103, 6104], [6112, 6113], [6140, -6136], [6142, 6140], [6147, 6148], [6150, 6151], [6152, 6155], [6158, 6159], [6158, 6163], [6159, 6160], [6159, 6163], [6161, 6159], [6161, 6162], [6168, 6182], [6174, 6175], [6179, 6181], [6200, 6201], [6200, 6205], [6201, 6202], [6201, 6203], [6206, 6207], [6206, 6210], [6218, 6219], [6222, 6223], [6224, 6225], [6243, 6245], [6265, 6266], [6270, 6271], [6277, 6280], [6291, 6292], [6313, 6314], [6355, 6356], [6355, 6358], [6364, -6364], [6364, 6365], [6366, 6367], [6366, 6377], [6372, 6373], [6372, 6375], [6382, 6383], [6401, 6402], [6432, 6433], [6441, 6442], [6458, 6459], [6462, 6463], [6468, 6471], [6495, 6496], [6501, 6503], [6521, 6522], [6530, 6531], [6553, 6554], [6562, 6563], [6586, 6587], [6598, 6599], [6600, 6602], [6626, 6628], [6629, 6630], [6640, 6641], [6645, 6646], [6694, 6696], [6729, 6730], [6742, 6743], [6752, 6763], [6778, 6779], [6783, 6784], [6840, 6832], [6841, 6832], [6842, 6832], [6843, 6845], [6845, 6846], [6891, 6892], [6896, 6897], [6969, 6970], [6973, 6974], [6984, 7000], [6993, 6995], [6993, 6997], [7000, 7001], [7000, 7004], [7006, 7007], [7006, 7011], [7028, -7028], [7028, 7029], [7048, 7049], [7115, 7116], [7135, 7136], [7139, 7140], [7144, 7145], [7150, 7151], [7159, 7160], [7160, 7161], [7160, 7162], [7162, 7163], [7165, 7167], [7165, 7168], [7177, 7178], [7183, 7184], [7210, 7216], [7225, 7226], [7225, 7270], [7226, 7227], [7226, 7229], [7231, 7232], [7231, 7234], [7237, 7240], [7237, 7243], [7252, 7253], [7252, 7255], [7256, 7257], [7256, 7259], [7260, 7261], [7260, 7263], [7265, 7266], [7265, 7268], [7270, 7271], [7270, 7273], [7284, 7285], [7334, 7335], [7336, 7337], [7336, 7341], [7343, 7344], [7359, 7360], [7359, 7362], [7370, 7373], [7380, 7381], [7380, 7382], [7382, 7383], [7382, 7386], [7387, 7389], [7387, 7392], [7395, 7396], [7395, 7399], [7399, 7400], [7399, 7403], [7410, 7411], [7410, 7417], [7419, 7420], [7419, 7423], [7441, 7442], [7441, 7444], [7447, 7448], [7447, 7470], [7448, 7449], [7448, 7451], [7451, 7452], [7451, 7455], [7452, 7447], [7452, 7453], [7456, 7457], [7456, 7459], [7459, 7447], [7459, 7461], [7466, 7447], [7466, 7467], [7467, 7466], [7467, 7468], [7470, 7471], [7470, 7473], [7473, -7473], [7473, 7475], [7476, 7477], [7476, 7481], [7483, 7484], [7483, 7485], [7499, 7500], [7524, 7525], [7535, 7539], [7551, -7548], [7558, 7559], [7561, 7562], [7561, 7564], [7566, 7569], [7571, 7554], [7585, 7586], [7589, 7590], [7596, 7597], [7606, 7607], [7628, 7629], [7639, 7640], [7648, 7649], [7651, 7664], [7655, 7656], [7657, 7658], [7661, 7662], [7670, 7671], [7673, 7674], [7676, 7677], [7687, 7688], [7689, 7705], [7698, 7699], [7705, 7706], [7705, 7707], [7720, 7719], [7721, 7722], [7722, 7719], [7722, 7723], [7730, 7731], [7779, 7780], [7789, 7790], [7794, 7795], [7796, 7799], [7818, 7819], [7824, 7827], [7852, 7856], [7857, 7858], [7857, 7859], [7881, 7882], [7931, 7932], [7932, -7932], [7932, 7933], [8019, 8020], [8023, 8024], [8116, 8117], [8135, 8136], [8146, 8147], [8168, 8189], [8175, 8189], [8258, 8259], [8262, 8263], [8294, 8295], [8306, 8318], [8307, 8311], [8311, 8312], [8311, 8316], [8347, 8348], [8351, 8354], [8365, 8366], [8367, 8359], [8367, 8368], [8375, 8376], [8385, 8386], [8436, 8437], [8437, 8438], [8437, 8439], [8439, 8440], [8439, 8442], [8483, 8484], [8490, 8498], [8498, 8499], [8504, 8505], [8507, 8508], [8507, 8509], [8542, 8543], [8571, 8572], [8603, 8604], [8607, 8608], [8653, 8672], [8734, 8735], [8740, 8741], [8754, 8755], [8774, 8775], [8804, 8809], [8806, 8807], [8809, 8810], [8809, 8815], [8811, 8812], [8811, 8818], [8828, 8829], [8836, 8839], [8863, 8864], [8881, 8882], [8885, 8886], [8885, 8889], [8905, 8909], [8912, 8913], [8946, 8947], [8946, 8950], [8951, 8952], [8951, 8954], [8980, 8981], [9003, 9004], [9003, 9006], [9071, 9075], [9075, 9076], [9075, 9077], [9103, 9104], [9103, 9108], [9105, 9106], [9105, 9110], [9110, 9111], [9110, 9115], [9112, 9113], [9112, 9116], [9123, 9131], [9190, 9191], [9204, 9205], [9206, 9207], [9206, 9208], [9223, 9225], [9231, 9236], [9248, 9249], [9262, 9263], [9282, 9283], [9296, 9298], [9393, 9394], [9395, 9391], [9395, 9396], [9397, 9391], [9397, 9398], [9398, 9399], [9398, 9402], [9399, 9397], [9399, 9400], [9402, 9397], [9402, 9403], [9403, 9397], [9403, 9404], [9407, 9408], [9414, 9415], [9414, 9420], [9434, 9435], [9434, 9439], [9435, 9434], [9435, 9436], [9460, 9459], [9468, 9466], [9500, 9501], [9555, 9557], [9579, 9580], [9591, 9598], [9592, 9596], [9608, 9609], [9634, 9635], [9640, 9641], [9644, 9645], [9666, 9668], [9666, 9670], [9668, -9668], [9668, -9663], [9670, 9672], [9670, 9675], [9672, -9672], [9672, -9663], [9675, -9675], [9675, -9663], [9729, 9730], [9729, 9732], [9760, 9761], [9780, 9781], [9780, 9784], [9784, 9785], [9784, 9786], [9803, 9807], [9825, 9826], [9825, 9829], [9840, 9841], [9855, 9856], [9904, 9905], [9924, 9925], [9967, 9968], [9967, 9971], [9972, 9973], [9972, 9976], [9986, -9986], [9986, 9988], [10038, 10039], [10044, 10045], [10049, 10050], [10055, 10056], [10062, 10074], [10066, 10067], [10088, -10086], [10088, 10089], [10089, -10086], [10089, 10090], [10091, 10092], [10091, 10093], [10103, 10105], [10220, 10221], [10238, 10239], [10273, 10275], [10285, 10286], [10298, 10299], [10305, 10306], [10305, 10307], [10316, 10319], [10349, 10350], [10351, 10354], [10355, 10356], [10380, -10375], [10384, -10375], [10385, -10375], [10386, -10375], [10408, 10409], [10459, 10460], [10465, 10466], [10559, 10560], [10561, 10562], [10593, 10594], [10616, 10617], [10638, 10639], [10677, 10682], [10683, 10688], [10689, 10694], [10699, 10700], [10706, 10707], [10712, 10713], [10721, 10722], [10728, 10729], [10756, 10757], [10812, -52], [10813, 10814], [10818, 10819], [10840, 10841], [10883, 10887]]}}, "totals": {"covered_lines": 5550, "num_statements": 7357, "percent_covered": 71.2677785736212, "percent_covered_display": "71", "missing_lines": 1807, "excluded_lines": 0, "num_branches": 2416, "num_partial_branches": 407, "covered_branches": 1415, "missing_branches": 1001}}